<?xml version="1.0" encoding="UTF-8"?>
<coverage generated="1787445372291" clover="3.2.0">
  <project timestamp="1787445372291" name="All files">
    <metrics statements="582" coveredstatements="432" conditionals="460" coveredconditionals="235" methods="154" coveredmethods="109" elements="1196" coveredelements="776" complexity="0" loc="582" ncloc="582" packages="1" files="5" classes="5"/>
    <file name="exec-server.ts" path="/Users/hanlinxuy/Specs/dshssh/plugin/src/exec-server.ts">
      <metrics statements="189" coveredstatements="140" conditionals="159" coveredconditionals="81" methods="30" coveredmethods="26"/>
      <line num="33" count="6121" type="cond" truecount="1" falsecount="1"/>
      <line num="37" count="60" type="cond" truecount="1" falsecount="1"/>
      <line num="38" count="60" type="cond" truecount="1" falsecount="1"/>
      <line num="39" count="60" type="stmt"/>
      <line num="40" count="60" type="cond" truecount="1" falsecount="1"/>
      <line num="41" count="60" type="stmt"/>
      <line num="42" count="60" type="stmt"/>
      <line num="43" count="60" type="cond" truecount="4" falsecount="0"/>
      <line num="44" count="6" type="stmt"/>
      <line num="47" count="54" type="stmt"/>
      <line num="56" count="60" type="stmt"/>
      <line num="57" count="60" type="cond" truecount="1" falsecount="1"/>
      <line num="60" count="54" type="stmt"/>
      <line num="61" count="54" type="stmt"/>
      <line num="63" count="0" type="stmt"/>
      <line num="65" count="54" type="stmt"/>
      <line num="66" count="47" type="stmt"/>
      <line num="67" count="47" type="cond" truecount="4" falsecount="0"/>
      <line num="68" count="2" type="stmt"/>
      <line num="71" count="54" type="stmt"/>
      <line num="72" count="54" type="cond" truecount="2" falsecount="0"/>
      <line num="73" count="9" type="cond" truecount="2" falsecount="0"/>
      <line num="76" count="54" type="stmt"/>
      <line num="77" count="54" type="stmt"/>
      <line num="79" count="54" type="cond" truecount="2" falsecount="0"/>
      <line num="80" count="52" type="stmt"/>
      <line num="114" count="20" type="stmt"/>
      <line num="115" count="20" type="cond" truecount="1" falsecount="1"/>
      <line num="116" count="20" type="stmt"/>
      <line num="118" count="20" type="stmt"/>
      <line num="124" count="31" type="cond" truecount="1" falsecount="1"/>
      <line num="125" count="31" type="stmt"/>
      <line num="130" count="20" type="stmt"/>
      <line num="131" count="20" type="stmt"/>
      <line num="132" count="20" type="stmt"/>
      <line num="134" count="20" type="stmt"/>
      <line num="136" count="20" type="stmt"/>
      <line num="138" count="24" type="stmt"/>
      <line num="139" count="3118" type="stmt"/>
      <line num="141" count="24" type="stmt"/>
      <line num="142" count="79" type="stmt"/>
      <line num="143" count="24" type="stmt"/>
      <line num="144" count="16" type="stmt"/>
      <line num="146" count="24" type="stmt"/>
      <line num="148" count="116" type="stmt"/>
      <line num="150" count="116" type="cond" truecount="11" falsecount="4"/>
      <line num="151" count="23" type="stmt"/>
      <line num="152" count="21" type="stmt"/>
      <line num="154" count="30" type="stmt"/>
      <line num="162" count="30" type="cond" truecount="1" falsecount="1"/>
      <line num="163" count="30" type="cond" truecount="2" falsecount="0"/>
      <line num="164" count="1" type="stmt"/>
      <line num="166" count="29" type="cond" truecount="1" falsecount="1"/>
      <line num="167" count="30" type="cond" truecount="4" falsecount="1"/>
      <line num="168" count="0" type="stmt"/>
      <line num="171" count="29" type="cond" truecount="1" falsecount="1"/>
      <line num="172" count="0" type="cond" truecount="0" falsecount="2"/>
      <line num="175" count="29" type="stmt"/>
      <line num="176" count="29" type="stmt"/>
      <line num="182" count="0" type="cond" truecount="0" falsecount="2"/>
      <line num="184" count="29" type="stmt"/>
      <line num="194" count="30" type="stmt"/>
      <line num="196" count="30" type="stmt"/>
      <line num="197" count="3058" type="stmt"/>
      <line num="198" count="3058" type="stmt"/>
      <line num="199" count="3058" type="stmt"/>
      <line num="201" count="3057" type="cond" truecount="2" falsecount="0"/>
      <line num="202" count="29" type="cond" truecount="1" falsecount="1"/>
      <line num="203" count="29" type="stmt"/>
      <line num="204" count="29" type="stmt"/>
      <line num="205" count="29" type="stmt"/>
      <line num="206" count="29" type="cond" truecount="2" falsecount="0"/>
      <line num="207" count="29" type="stmt"/>
      <line num="208" count="29" type="stmt"/>
      <line num="212" count="29" type="stmt"/>
      <line num="213" count="1" type="stmt"/>
      <line num="214" count="1" type="stmt"/>
      <line num="215" count="1" type="stmt"/>
      <line num="216" count="1" type="cond" truecount="1" falsecount="1"/>
      <line num="217" count="1" type="stmt"/>
      <line num="218" count="1" type="stmt"/>
      <line num="220" count="29" type="stmt"/>
      <line num="223" count="9" type="stmt"/>
      <line num="224" count="9" type="stmt"/>
      <line num="225" count="9" type="cond" truecount="1" falsecount="1"/>
      <line num="226" count="9" type="cond" truecount="1" falsecount="1"/>
      <line num="227" count="3058" type="stmt"/>
      <line num="228" count="9" type="stmt"/>
      <line num="238" count="0" type="stmt"/>
      <line num="239" count="0" type="stmt"/>
      <line num="240" count="0" type="cond" truecount="0" falsecount="2"/>
      <line num="241" count="0" type="cond" truecount="0" falsecount="4"/>
      <line num="243" count="0" type="cond" truecount="0" falsecount="4"/>
      <line num="244" count="0" type="stmt"/>
      <line num="245" count="0" type="stmt"/>
      <line num="247" count="0" type="stmt"/>
      <line num="249" count="0" type="cond" truecount="0" falsecount="2"/>
      <line num="250" count="0" type="stmt"/>
      <line num="253" count="1" type="stmt"/>
      <line num="254" count="1" type="stmt"/>
      <line num="255" count="1" type="cond" truecount="3" falsecount="1"/>
      <line num="256" count="1" type="stmt"/>
      <line num="257" count="1" type="cond" truecount="1" falsecount="1"/>
      <line num="258" count="1" type="stmt"/>
      <line num="259" count="1" type="stmt"/>
      <line num="260" count="0" type="cond" truecount="0" falsecount="2"/>
      <line num="263" count="1" type="stmt"/>
      <line num="264" count="1" type="stmt"/>
      <line num="267" count="6" type="stmt"/>
      <line num="268" count="6" type="stmt"/>
      <line num="269" count="6" type="stmt"/>
      <line num="270" count="6" type="cond" truecount="1" falsecount="1"/>
      <line num="271" count="5" type="stmt"/>
      <line num="273" count="1" type="cond" truecount="1" falsecount="1"/>
      <line num="277" count="6" type="stmt"/>
      <line num="278" count="6" type="stmt"/>
      <line num="279" count="6" type="stmt"/>
      <line num="280" count="6" type="cond" truecount="1" falsecount="1"/>
      <line num="281" count="6" type="stmt"/>
      <line num="282" count="6" type="stmt"/>
      <line num="283" count="6" type="stmt"/>
      <line num="284" count="6" type="stmt"/>
      <line num="285" count="6" type="stmt"/>
      <line num="287" count="2" type="cond" truecount="1" falsecount="1"/>
      <line num="291" count="1" type="stmt"/>
      <line num="292" count="1" type="stmt"/>
      <line num="293" count="1" type="stmt"/>
      <line num="298" count="1" type="stmt"/>
      <line num="300" count="0" type="cond" truecount="0" falsecount="2"/>
      <line num="304" count="11" type="stmt"/>
      <line num="305" count="11" type="stmt"/>
      <line num="306" count="11" type="cond" truecount="2" falsecount="0"/>
      <line num="307" count="6" type="stmt"/>
      <line num="308" count="6" type="stmt"/>
      <line num="317" count="2" type="cond" truecount="1" falsecount="1"/>
      <line num="321" count="0" type="stmt"/>
      <line num="322" count="0" type="stmt"/>
      <line num="323" count="0" type="stmt"/>
      <line num="324" count="0" type="stmt"/>
      <line num="325" count="0" type="stmt"/>
      <line num="327" count="0" type="cond" truecount="0" falsecount="2"/>
      <line num="331" count="0" type="stmt"/>
      <line num="332" count="0" type="stmt"/>
      <line num="333" count="0" type="stmt"/>
      <line num="334" count="0" type="stmt"/>
      <line num="336" count="0" type="cond" truecount="0" falsecount="2"/>
      <line num="340" count="7" type="stmt"/>
      <line num="341" count="7" type="stmt"/>
      <line num="342" count="7" type="cond" truecount="2" falsecount="0"/>
      <line num="343" count="1" type="stmt"/>
      <line num="345" count="6" type="cond" truecount="1" falsecount="1"/>
      <line num="349" count="0" type="stmt"/>
      <line num="350" count="0" type="stmt"/>
      <line num="351" count="0" type="stmt"/>
      <line num="352" count="0" type="stmt"/>
      <line num="353" count="0" type="stmt"/>
      <line num="354" count="0" type="stmt"/>
      <line num="356" count="0" type="cond" truecount="0" falsecount="2"/>
      <line num="360" count="1" type="stmt"/>
      <line num="364" count="24" type="stmt"/>
      <line num="366" count="12" type="stmt"/>
      <line num="367" count="21" type="cond" truecount="2" falsecount="0"/>
      <line num="368" count="20" type="stmt"/>
      <line num="369" count="20" type="cond" truecount="1" falsecount="1"/>
      <line num="371" count="21" type="stmt"/>
      <line num="376" count="20" type="stmt"/>
      <line num="378" count="8" type="stmt"/>
      <line num="379" count="8" type="stmt"/>
      <line num="380" count="7" type="cond" truecount="1" falsecount="1"/>
      <line num="382" count="8" type="stmt"/>
      <line num="384" count="8" type="stmt"/>
      <line num="385" count="8" type="stmt"/>
      <line num="391" count="8" type="stmt"/>
      <line num="396" count="0" type="stmt"/>
      <line num="397" count="0" type="cond" truecount="0" falsecount="2"/>
      <line num="398" count="0" type="cond" truecount="0" falsecount="2"/>
      <line num="399" count="0" type="stmt"/>
      <line num="400" count="0" type="stmt"/>
      <line num="401" count="0" type="cond" truecount="0" falsecount="2"/>
      <line num="402" count="0" type="stmt"/>
      <line num="404" count="0" type="stmt"/>
      <line num="405" count="0" type="cond" truecount="0" falsecount="2"/>
      <line num="406" count="0" type="stmt"/>
      <line num="408" count="0" type="stmt"/>
      <line num="409" count="0" type="cond" truecount="0" falsecount="4"/>
      <line num="412" count="3" type="cond" truecount="4" falsecount="1"/>
      <line num="413" count="0" type="stmt"/>
      <line num="414" count="0" type="cond" truecount="0" falsecount="2"/>
      <line num="415" count="0" type="stmt"/>
    </file>
    <file name="fs.ts" path="/Users/hanlinxuy/Specs/dshssh/plugin/src/fs.ts">
      <metrics statements="60" coveredstatements="48" conditionals="63" coveredconditionals="27" methods="23" coveredmethods="13"/>
      <line num="38" count="4" type="cond" truecount="1" falsecount="1"/>
      <line num="43" count="4" type="stmt"/>
      <line num="48" count="2" type="stmt"/>
      <line num="49" count="2" type="cond" truecount="1" falsecount="1"/>
      <line num="50" count="0" type="stmt"/>
      <line num="54" count="6" type="cond" truecount="1" falsecount="1"/>
      <line num="62" count="4" type="stmt"/>
      <line num="65" count="18" type="stmt"/>
      <line num="69" count="20" type="stmt"/>
      <line num="73" count="0" type="cond" truecount="0" falsecount="2"/>
      <line num="78" count="7" type="stmt"/>
      <line num="79" count="7" type="cond" truecount="1" falsecount="3"/>
      <line num="80" count="7" type="stmt"/>
      <line num="81" count="7" type="stmt"/>
      <line num="82" count="7" type="stmt"/>
      <line num="84" count="7" type="stmt"/>
      <line num="92" count="1" type="stmt"/>
      <line num="93" count="1" type="stmt"/>
      <line num="94" count="1" type="cond" truecount="1" falsecount="1"/>
      <line num="95" count="1" type="stmt"/>
      <line num="104" count="0" type="stmt"/>
      <line num="105" count="0" type="cond" truecount="0" falsecount="4"/>
      <line num="106" count="0" type="stmt"/>
      <line num="107" count="0" type="cond" truecount="0" falsecount="2"/>
      <line num="108" count="0" type="stmt"/>
      <line num="118" count="3" type="stmt"/>
      <line num="119" count="3" type="stmt"/>
      <line num="124" count="0" type="stmt"/>
      <line num="125" count="0" type="stmt"/>
      <line num="130" count="1" type="stmt"/>
      <line num="131" count="1" type="stmt"/>
      <line num="132" count="1" type="stmt"/>
      <line num="150" count="6" type="stmt"/>
      <line num="151" count="6" type="stmt"/>
      <line num="152" count="6" type="stmt"/>
      <line num="153" count="6" type="cond" truecount="2" falsecount="0"/>
      <line num="154" count="6" type="cond" truecount="5" falsecount="0"/>
      <line num="155" count="1" type="cond" truecount="1" falsecount="1"/>
      <line num="156" count="1" type="cond" truecount="1" falsecount="1"/>
      <line num="157" count="1" type="stmt"/>
      <line num="160" count="5" type="stmt"/>
      <line num="161" count="3" type="stmt"/>
      <line num="162" count="3" type="stmt"/>
      <line num="178" count="2" type="stmt"/>
      <line num="179" count="2" type="stmt"/>
      <line num="180" count="2" type="stmt"/>
      <line num="181" count="2" type="cond" truecount="1" falsecount="1"/>
      <line num="182" count="0" type="stmt"/>
      <line num="183" count="0" type="cond" truecount="0" falsecount="4"/>
      <line num="184" count="0" type="stmt"/>
      <line num="187" count="2" type="stmt"/>
      <line num="188" count="2" type="cond" truecount="1" falsecount="1"/>
      <line num="189" count="2" type="stmt"/>
      <line num="190" count="2" type="cond" truecount="2" falsecount="0"/>
      <line num="191" count="1" type="cond" truecount="2" falsecount="2"/>
      <line num="192" count="1" type="cond" truecount="1" falsecount="1"/>
      <line num="193" count="2" type="stmt"/>
      <line num="194" count="1" type="stmt"/>
      <line num="195" count="1" type="stmt"/>
      <line num="204" count="2" type="stmt"/>
    </file>
    <file name="manager.ts" path="/Users/hanlinxuy/Specs/dshssh/plugin/src/manager.ts">
      <metrics statements="68" coveredstatements="60" conditionals="72" coveredconditionals="48" methods="19" coveredmethods="18"/>
      <line num="24" count="4" type="stmt"/>
      <line num="27" count="22" type="stmt"/>
      <line num="29" count="22" type="stmt"/>
      <line num="32" count="1" type="stmt"/>
      <line num="36" count="1" type="stmt"/>
      <line num="40" count="5" type="stmt"/>
      <line num="41" count="5" type="cond" truecount="1" falsecount="1"/>
      <line num="46" count="20" type="stmt"/>
      <line num="56" count="20" type="stmt"/>
      <line num="57" count="20" type="stmt"/>
      <line num="62" count="3" type="stmt"/>
      <line num="63" count="3" type="cond" truecount="4" falsecount="0"/>
      <line num="65" count="1" type="stmt"/>
      <line num="70" count="3" type="cond" truecount="1" falsecount="1"/>
      <line num="71" count="3" type="stmt"/>
      <line num="72" count="3" type="cond" truecount="4" falsecount="0"/>
      <line num="74" count="2" type="stmt"/>
      <line num="79" count="2" type="stmt"/>
      <line num="80" count="2" type="cond" truecount="2" falsecount="0"/>
      <line num="81" count="1" type="stmt"/>
      <line num="91" count="2" type="stmt"/>
      <line num="92" count="2" type="stmt"/>
      <line num="97" count="1" type="stmt"/>
      <line num="98" count="1" type="stmt"/>
      <line num="104" count="1" type="cond" truecount="3" falsecount="1"/>
      <line num="105" count="0" type="stmt"/>
      <line num="115" count="1" type="stmt"/>
      <line num="116" count="1" type="stmt"/>
      <line num="117" count="1" type="stmt"/>
      <line num="118" count="1" type="stmt"/>
      <line num="119" count="0" type="stmt"/>
      <line num="120" count="0" type="stmt"/>
      <line num="121" count="0" type="stmt"/>
      <line num="123" count="0" type="stmt"/>
      <line num="124" count="0" type="cond" truecount="0" falsecount="2"/>
      <line num="125" count="0" type="stmt"/>
      <line num="127" count="0" type="stmt"/>
      <line num="132" count="1" type="stmt"/>
      <line num="133" count="1" type="cond" truecount="1" falsecount="1"/>
      <line num="134" count="1" type="stmt"/>
      <line num="135" count="1" type="stmt"/>
      <line num="136" count="1" type="stmt"/>
      <line num="137" count="1" type="stmt"/>
      <line num="142" count="1" type="stmt"/>
      <line num="143" count="1" type="cond" truecount="1" falsecount="1"/>
      <line num="144" count="1" type="stmt"/>
      <line num="145" count="1" type="stmt"/>
      <line num="146" count="1" type="cond" truecount="2" falsecount="2"/>
      <line num="147" count="1" type="stmt"/>
      <line num="152" count="1" type="cond" truecount="1" falsecount="1"/>
      <line num="153" count="1" type="cond" truecount="2" falsecount="0"/>
      <line num="154" count="1" type="cond" truecount="1" falsecount="1"/>
      <line num="155" count="1" type="stmt"/>
      <line num="156" count="1" type="stmt"/>
      <line num="157" count="1" type="stmt"/>
      <line num="158" count="1" type="stmt"/>
      <line num="159" count="1" type="stmt"/>
      <line num="160" count="2" type="stmt"/>
      <line num="161" count="2" type="cond" truecount="2" falsecount="0"/>
      <line num="164" count="1" type="stmt"/>
      <line num="165" count="1" type="stmt"/>
      <line num="166" count="1" type="stmt"/>
      <line num="167" count="1" type="cond" truecount="1" falsecount="1"/>
      <line num="168" count="1" type="cond" truecount="2" falsecount="2"/>
      <line num="169" count="1" type="cond" truecount="1" falsecount="1"/>
      <line num="175" count="8" type="stmt"/>
      <line num="176" count="8" type="stmt"/>
      <line num="178" count="8" type="stmt"/>
    </file>
    <file name="subprocess.ts" path="/Users/hanlinxuy/Specs/dshssh/plugin/src/subprocess.ts">
      <metrics statements="139" coveredstatements="97" conditionals="70" coveredconditionals="34" methods="36" coveredmethods="20"/>
      <line num="37" count="4" type="cond" truecount="2" falsecount="1"/>
      <line num="61" count="4" type="stmt"/>
      <line num="67" count="0" type="stmt"/>
      <line num="72" count="14" type="stmt"/>
      <line num="73" count="14" type="stmt"/>
      <line num="74" count="14" type="stmt"/>
      <line num="75" count="14" type="stmt"/>
      <line num="78" count="0" type="stmt"/>
      <line num="82" count="3057" type="stmt"/>
      <line num="83" count="3057" type="stmt"/>
      <line num="84" count="3057" type="stmt"/>
      <line num="87" count="3057" type="cond" truecount="2" falsecount="0"/>
      <line num="88" count="3052" type="stmt"/>
      <line num="89" count="3052" type="stmt"/>
      <line num="90" count="3052" type="stmt"/>
      <line num="91" count="3052" type="cond" truecount="2" falsecount="0"/>
      <line num="92" count="3050" type="stmt"/>
      <line num="93" count="3050" type="stmt"/>
      <line num="97" count="2" type="stmt"/>
      <line num="98" count="2" type="stmt"/>
      <line num="99" count="2" type="stmt"/>
      <line num="100" count="2" type="stmt"/>
      <line num="106" count="6" type="stmt"/>
      <line num="107" count="6" type="cond" truecount="2" falsecount="0"/>
      <line num="108" count="6" type="stmt"/>
      <line num="109" count="6" type="stmt"/>
      <line num="110" count="7" type="stmt"/>
      <line num="111" count="7" type="stmt"/>
      <line num="112" count="7" type="cond" truecount="1" falsecount="1"/>
      <line num="113" count="7" type="stmt"/>
      <line num="114" count="7" type="stmt"/>
      <line num="115" count="7" type="stmt"/>
      <line num="117" count="6" type="stmt"/>
      <line num="122" count="14" type="stmt"/>
      <line num="124" count="6" type="stmt"/>
      <line num="139" count="7" type="stmt"/>
      <line num="144" count="7" type="stmt"/>
      <line num="145" count="7" type="stmt"/>
      <line num="146" count="7" type="stmt"/>
      <line num="147" count="7" type="stmt"/>
      <line num="149" count="7" type="stmt"/>
      <line num="150" count="7" type="stmt"/>
      <line num="151" count="7" type="stmt"/>
      <line num="156" count="7" type="cond" truecount="1" falsecount="1"/>
      <line num="157" count="0" type="stmt"/>
      <line num="159" count="0" type="stmt"/>
      <line num="160" count="0" type="cond" truecount="0" falsecount="2"/>
      <line num="165" count="7" type="cond" truecount="1" falsecount="1"/>
      <line num="166" count="0" type="stmt"/>
      <line num="167" count="0" type="stmt"/>
      <line num="169" count="7" type="cond" truecount="1" falsecount="1"/>
      <line num="170" count="0" type="stmt"/>
      <line num="171" count="0" type="stmt"/>
      <line num="174" count="7" type="stmt"/>
      <line num="175" count="7" type="stmt"/>
      <line num="176" count="3057" type="cond" truecount="1" falsecount="1"/>
      <line num="177" count="3057" type="stmt"/>
      <line num="178" count="3057" type="cond" truecount="1" falsecount="1"/>
      <line num="179" count="3057" type="cond" truecount="1" falsecount="1"/>
      <line num="180" count="3057" type="cond" truecount="1" falsecount="1"/>
      <line num="181" count="3057" type="cond" truecount="2" falsecount="0"/>
      <line num="182" count="1" type="stmt"/>
      <line num="183" count="1" type="stmt"/>
      <line num="185" count="3056" type="stmt"/>
      <line num="186" count="3056" type="stmt"/>
      <line num="190" count="7" type="stmt"/>
      <line num="191" count="8" type="cond" truecount="1" falsecount="1"/>
      <line num="192" count="8" type="cond" truecount="2" falsecount="0"/>
      <line num="193" count="8" type="cond" truecount="2" falsecount="0"/>
      <line num="195" count="8" type="stmt"/>
      <line num="196" count="8" type="cond" truecount="1" falsecount="1"/>
      <line num="197" count="0" type="cond" truecount="0" falsecount="4"/>
      <line num="198" count="0" type="stmt"/>
      <line num="199" count="0" type="cond" truecount="0" falsecount="2"/>
      <line num="200" count="0" type="stmt"/>
      <line num="201" count="0" type="stmt"/>
      <line num="203" count="0" type="stmt"/>
      <line num="204" count="0" type="stmt"/>
      <line num="207" count="8" type="stmt"/>
      <line num="208" count="8" type="stmt"/>
      <line num="209" count="8" type="stmt"/>
      <line num="210" count="8" type="cond" truecount="2" falsecount="0"/>
      <line num="211" count="1" type="stmt"/>
      <line num="213" count="7" type="stmt"/>
      <line num="216" count="0" type="stmt"/>
      <line num="217" count="0" type="stmt"/>
      <line num="218" count="0" type="stmt"/>
      <line num="219" count="0" type="cond" truecount="0" falsecount="2"/>
      <line num="220" count="0" type="stmt"/>
      <line num="222" count="0" type="stmt"/>
      <line num="229" count="7" type="stmt"/>
      <line num="230" count="7" type="stmt"/>
      <line num="231" count="7" type="stmt"/>
      <line num="232" count="7" type="stmt"/>
      <line num="236" count="0" type="stmt"/>
      <line num="237" count="0" type="cond" truecount="0" falsecount="2"/>
      <line num="240" count="7" type="stmt"/>
      <line num="241" count="6" type="stmt"/>
      <line num="242" count="1" type="stmt"/>
      <line num="245" count="7" type="stmt"/>
      <line num="249" count="1" type="cond" truecount="1" falsecount="1"/>
      <line num="250" count="1" type="stmt"/>
      <line num="251" count="1" type="stmt"/>
      <line num="255" count="1" type="cond" truecount="1" falsecount="1"/>
      <line num="256" count="1" type="stmt"/>
      <line num="257" count="1" type="stmt"/>
      <line num="259" count="0" type="cond" truecount="0" falsecount="2"/>
      <line num="260" count="0" type="stmt"/>
      <line num="261" count="0" type="stmt"/>
      <line num="262" count="0" type="stmt"/>
      <line num="263" count="0" type="stmt"/>
      <line num="264" count="0" type="stmt"/>
      <line num="265" count="0" type="stmt"/>
      <line num="267" count="0" type="stmt"/>
      <line num="268" count="0" type="stmt"/>
      <line num="274" count="3071" type="cond" truecount="3" falsecount="0"/>
      <line num="278" count="3057" type="cond" truecount="1" falsecount="1"/>
      <line num="288" count="4" type="stmt"/>
      <line num="289" count="18" type="stmt"/>
      <line num="290" count="18" type="stmt"/>
      <line num="293" count="18" type="stmt"/>
      <line num="294" count="18" type="stmt"/>
      <line num="295" count="6" type="stmt"/>
      <line num="301" count="0" type="cond" truecount="0" falsecount="2"/>
      <line num="302" count="0" type="stmt"/>
      <line num="303" count="0" type="stmt"/>
      <line num="304" count="0" type="stmt"/>
      <line num="309" count="0" type="stmt"/>
      <line num="310" count="0" type="cond" truecount="0" falsecount="4"/>
      <line num="311" count="0" type="stmt"/>
      <line num="313" count="0" type="stmt"/>
      <line num="318" count="7" type="stmt"/>
      <line num="319" count="7" type="stmt"/>
      <line num="320" count="7" type="stmt"/>
      <line num="321" count="7" type="stmt"/>
      <line num="322" count="6" type="stmt"/>
      <line num="323" count="1" type="stmt"/>
      <line num="325" count="7" type="stmt"/>
      <line num="330" count="0" type="stmt"/>
    </file>
    <file name="transport.ts" path="/Users/hanlinxuy/Specs/dshssh/plugin/src/transport.ts">
      <metrics statements="126" coveredstatements="87" conditionals="96" coveredconditionals="45" methods="46" coveredmethods="32"/>
      <line num="44" count="6" type="stmt"/>
      <line num="48" count="6" type="stmt"/>
      <line num="53" count="0" type="stmt"/>
      <line num="54" count="0" type="stmt"/>
      <line num="55" count="0" type="stmt"/>
      <line num="56" count="0" type="stmt"/>
      <line num="57" count="0" type="stmt"/>
      <line num="58" count="0" type="stmt"/>
      <line num="60" count="0" type="cond" truecount="0" falsecount="2"/>
      <line num="61" count="0" type="cond" truecount="0" falsecount="2"/>
      <line num="62" count="0" type="stmt"/>
      <line num="75" count="22" type="stmt"/>
      <line num="76" count="22" type="stmt"/>
      <line num="77" count="22" type="stmt"/>
      <line num="78" count="22" type="stmt"/>
      <line num="79" count="22" type="stmt"/>
      <line num="80" count="22" type="stmt"/>
      <line num="83" count="22" type="cond" truecount="4" falsecount="2"/>
      <line num="84" count="22" type="stmt"/>
      <line num="96" count="0" type="stmt"/>
      <line num="101" count="0" type="stmt"/>
      <line num="102" count="0" type="stmt"/>
      <line num="104" count="0" type="stmt"/>
      <line num="105" count="0" type="stmt"/>
      <line num="106" count="0" type="stmt"/>
      <line num="107" count="0" type="stmt"/>
      <line num="108" count="0" type="cond" truecount="0" falsecount="2"/>
      <line num="109" count="0" type="stmt"/>
      <line num="110" count="0" type="stmt"/>
      <line num="112" count="0" type="stmt"/>
      <line num="113" count="0" type="stmt"/>
      <line num="115" count="0" type="stmt"/>
      <line num="116" count="0" type="stmt"/>
      <line num="118" count="0" type="stmt"/>
      <line num="119" count="0" type="stmt"/>
      <line num="121" count="0" type="stmt"/>
      <line num="126" count="22" type="stmt"/>
      <line num="127" count="22" type="cond" truecount="1" falsecount="1"/>
      <line num="128" count="22" type="stmt"/>
      <line num="129" count="22" type="stmt"/>
      <line num="130" count="22" type="stmt"/>
      <line num="131" count="22" type="stmt"/>
      <line num="132" count="22" type="stmt"/>
      <line num="133" count="22" type="stmt"/>
      <line num="135" count="3169" type="stmt"/>
      <line num="136" count="22" type="stmt"/>
      <line num="137" count="22" type="stmt"/>
      <line num="141" count="3169" type="stmt"/>
      <line num="142" count="3169" type="cond" truecount="4" falsecount="0"/>
      <line num="143" count="93" type="stmt"/>
      <line num="144" count="93" type="stmt"/>
      <line num="145" count="93" type="cond" truecount="2" falsecount="0"/>
      <line num="146" count="15" type="stmt"/>
      <line num="147" count="15" type="stmt"/>
      <line num="149" count="78" type="stmt"/>
      <line num="151" count="93" type="stmt"/>
      <line num="153" count="3076" type="cond" truecount="1" falsecount="1"/>
      <line num="154" count="3076" type="cond" truecount="1" falsecount="1"/>
      <line num="159" count="93" type="stmt"/>
      <line num="160" count="93" type="stmt"/>
      <line num="161" count="93" type="stmt"/>
      <line num="162" count="93" type="stmt"/>
      <line num="167" count="22" type="stmt"/>
      <line num="171" count="16" type="stmt"/>
      <line num="172" count="16" type="cond" truecount="1" falsecount="1"/>
      <line num="173" count="16" type="stmt"/>
      <line num="174" count="32" type="stmt"/>
      <line num="178" count="3076" type="cond" truecount="2" falsecount="0"/>
      <line num="179" count="3067" type="stmt"/>
      <line num="184" count="8" type="stmt"/>
      <line num="194" count="8" type="stmt"/>
      <line num="212" count="9" type="stmt"/>
      <line num="224" count="0" type="stmt"/>
      <line num="229" count="1" type="stmt"/>
      <line num="234" count="6" type="stmt"/>
      <line num="235" count="5" type="cond" truecount="1" falsecount="1"/>
      <line num="236" count="6" type="cond" truecount="1" falsecount="1"/>
      <line num="241" count="0" type="stmt"/>
      <line num="242" count="0" type="cond" truecount="0" falsecount="2"/>
      <line num="243" count="0" type="cond" truecount="0" falsecount="2"/>
      <line num="248" count="6" type="stmt"/>
      <line num="253" count="1" type="stmt"/>
      <line num="254" count="1" type="cond" truecount="1" falsecount="1"/>
      <line num="255" count="1" type="stmt"/>
      <line num="256" count="1" type="stmt"/>
      <line num="260" count="1" type="stmt"/>
      <line num="265" count="11" type="stmt"/>
      <line num="266" count="6" type="stmt"/>
      <line num="276" count="6" type="cond" truecount="1" falsecount="1"/>
      <line num="277" count="0" type="cond" truecount="0" falsecount="2"/>
      <line num="278" count="0" type="cond" truecount="0" falsecount="2"/>
      <line num="279" count="0" type="cond" truecount="0" falsecount="4"/>
      <line num="280" count="6" type="stmt"/>
      <line num="290" count="7" type="stmt"/>
      <line num="291" count="1" type="cond" truecount="1" falsecount="1"/>
      <line num="292" count="7" type="cond" truecount="1" falsecount="1"/>
      <line num="293" count="1" type="stmt"/>
      <line num="298" count="0" type="stmt"/>
      <line num="303" count="0" type="stmt"/>
      <line num="308" count="0" type="stmt"/>
      <line num="316" count="1" type="stmt"/>
      <line num="317" count="1" type="stmt"/>
      <line num="318" count="1" type="stmt"/>
      <line num="319" count="1" type="stmt"/>
      <line num="320" count="1" type="cond" truecount="3" falsecount="1"/>
      <line num="321" count="1" type="cond" truecount="1" falsecount="1"/>
      <line num="322" count="1" type="cond" truecount="1" falsecount="1"/>
      <line num="325" count="1" type="cond" truecount="1" falsecount="1"/>
      <line num="326" count="1" type="stmt"/>
      <line num="327" count="1" type="stmt"/>
      <line num="328" count="1" type="stmt"/>
      <line num="329" count="1" type="cond" truecount="2" falsecount="0"/>
      <line num="330" count="1" type="stmt"/>
      <line num="331" count="1" type="stmt"/>
      <line num="332" count="1" type="cond" truecount="2" falsecount="2"/>
      <line num="333" count="1" type="cond" truecount="1" falsecount="1"/>
      <line num="334" count="1" type="stmt"/>
      <line num="335" count="1" type="stmt"/>
      <line num="336" count="1" type="cond" truecount="1" falsecount="1"/>
      <line num="337" count="0" type="cond" truecount="0" falsecount="4"/>
      <line num="340" count="1" type="stmt"/>
      <line num="345" count="16" type="stmt"/>
      <line num="346" count="16" type="stmt"/>
      <line num="347" count="16" type="cond" truecount="1" falsecount="1"/>
      <line num="348" count="0" type="stmt"/>
      <line num="349" count="0" type="stmt"/>
    </file>
  </project>
</coverage>
