{"/Users/hanlinxuy/Specs/dshssh/plugin/src/exec-server.ts": {"path":"/Users/hanlinxuy/Specs/dshssh/plugin/src/exec-server.ts","statementMap":{"0":{"start":{"line":33,"column":2},"end":{"line":33,"column":null}},"1":{"start":{"line":37,"column":2},"end":{"line":37,"column":null}},"2":{"start":{"line":37,"column":33},"end":{"line":37,"column":null}},"3":{"start":{"line":38,"column":12},"end":{"line":38,"column":null}},"4":{"start":{"line":39,"column":14},"end":{"line":39,"column":null}},"5":{"start":{"line":40,"column":2},"end":{"line":46,"column":null}},"6":{"start":{"line":41,"column":17},"end":{"line":41,"column":null}},"7":{"start":{"line":42,"column":16},"end":{"line":42,"column":null}},"8":{"start":{"line":43,"column":4},"end":{"line":45,"column":null}},"9":{"start":{"line":44,"column":6},"end":{"line":44,"column":null}},"10":{"start":{"line":47,"column":2},"end":{"line":47,"column":null}},"11":{"start":{"line":56,"column":14},"end":{"line":56,"column":null}},"12":{"start":{"line":57,"column":2},"end":{"line":57,"column":null}},"13":{"start":{"line":57,"column":30},"end":{"line":57,"column":null}},"14":{"start":{"line":60,"column":2},"end":{"line":64,"column":null}},"15":{"start":{"line":61,"column":4},"end":{"line":61,"column":null}},"16":{"start":{"line":63,"column":4},"end":{"line":63,"column":null}},"17":{"start":{"line":65,"column":8},"end":{"line":70,"column":null}},"18":{"start":{"line":66,"column":16},"end":{"line":66,"column":null}},"19":{"start":{"line":67,"column":4},"end":{"line":69,"column":null}},"20":{"start":{"line":68,"column":6},"end":{"line":68,"column":null}},"21":{"start":{"line":71,"column":14},"end":{"line":71,"column":null}},"22":{"start":{"line":72,"column":2},"end":{"line":74,"column":null}},"23":{"start":{"line":73,"column":4},"end":{"line":73,"column":null}},"24":{"start":{"line":76,"column":2},"end":{"line":78,"column":null}},"25":{"start":{"line":77,"column":4},"end":{"line":77,"column":null}},"26":{"start":{"line":79,"column":2},"end":{"line":79,"column":null}},"27":{"start":{"line":79,"column":26},"end":{"line":79,"column":null}},"28":{"start":{"line":80,"column":2},"end":{"line":80,"column":null}},"29":{"start":{"line":114,"column":14},"end":{"line":114,"column":null}},"30":{"start":{"line":115,"column":15},"end":{"line":115,"column":null}},"31":{"start":{"line":116,"column":20},"end":{"line":116,"column":null}},"32":{"start":{"line":118,"column":14},"end":{"line":129,"column":null}},"33":{"start":{"line":124,"column":26},"end":{"line":124,"column":null}},"34":{"start":{"line":125,"column":12},"end":{"line":125,"column":null}},"35":{"start":{"line":130,"column":2},"end":{"line":133,"column":null}},"36":{"start":{"line":131,"column":4},"end":{"line":131,"column":null}},"37":{"start":{"line":132,"column":4},"end":{"line":132,"column":null}},"38":{"start":{"line":134,"column":20},"end":{"line":134,"column":null}},"39":{"start":{"line":136,"column":2},"end":{"line":374,"column":null}},"40":{"start":{"line":138,"column":10},"end":{"line":139,"column":null}},"41":{"start":{"line":139,"column":6},"end":{"line":139,"column":null}},"42":{"start":{"line":141,"column":10},"end":{"line":142,"column":null}},"43":{"start":{"line":142,"column":6},"end":{"line":142,"column":null}},"44":{"start":{"line":143,"column":10},"end":{"line":144,"column":null}},"45":{"start":{"line":144,"column":6},"end":{"line":144,"column":null}},"46":{"start":{"line":146,"column":4},"end":{"line":362,"column":null}},"47":{"start":{"line":148,"column":6},"end":{"line":148,"column":null}},"48":{"start":{"line":148,"column":12},"end":{"line":148,"column":42}},"49":{"start":{"line":148,"column":52},"end":{"line":148,"column":59}},"50":{"start":{"line":150,"column":6},"end":{"line":361,"column":null}},"51":{"start":{"line":151,"column":27},"end":{"line":151,"column":null}},"52":{"start":{"line":152,"column":28},"end":{"line":152,"column":null}},"53":{"start":{"line":154,"column":25},"end":{"line":154,"column":null}},"54":{"start":{"line":162,"column":28},"end":{"line":162,"column":null}},"55":{"start":{"line":163,"column":10},"end":{"line":165,"column":null}},"56":{"start":{"line":164,"column":12},"end":{"line":164,"column":null}},"57":{"start":{"line":166,"column":23},"end":{"line":166,"column":null}},"58":{"start":{"line":167,"column":10},"end":{"line":169,"column":null}},"59":{"start":{"line":168,"column":12},"end":{"line":168,"column":null}},"60":{"start":{"line":171,"column":10},"end":{"line":173,"column":null}},"61":{"start":{"line":171,"column":16},"end":{"line":171,"column":90}},"62":{"start":{"line":172,"column":12},"end":{"line":172,"column":null}},"63":{"start":{"line":175,"column":10},"end":{"line":183,"column":null}},"64":{"start":{"line":176,"column":12},"end":{"line":180,"column":null}},"65":{"start":{"line":182,"column":12},"end":{"line":182,"column":null}},"66":{"start":{"line":184,"column":41},"end":{"line":193,"column":null}},"67":{"start":{"line":194,"column":10},"end":{"line":194,"column":null}},"68":{"start":{"line":196,"column":16},"end":{"line":200,"column":null}},"69":{"start":{"line":197,"column":24},"end":{"line":197,"column":null}},"70":{"start":{"line":198,"column":12},"end":{"line":198,"column":null}},"71":{"start":{"line":199,"column":12},"end":{"line":199,"column":null}},"72":{"start":{"line":201,"column":10},"end":{"line":201,"column":null}},"73":{"start":{"line":201,"column":37},"end":{"line":201,"column":null}},"74":{"start":{"line":201,"column":76},"end":{"line":201,"column":93}},"75":{"start":{"line":202,"column":10},"end":{"line":202,"column":null}},"76":{"start":{"line":202,"column":37},"end":{"line":202,"column":null}},"77":{"start":{"line":202,"column":76},"end":{"line":202,"column":93}},"78":{"start":{"line":203,"column":10},"end":{"line":209,"column":null}},"79":{"start":{"line":204,"column":12},"end":{"line":204,"column":null}},"80":{"start":{"line":205,"column":12},"end":{"line":205,"column":null}},"81":{"start":{"line":206,"column":12},"end":{"line":206,"column":null}},"82":{"start":{"line":206,"column":43},"end":{"line":206,"column":null}},"83":{"start":{"line":207,"column":12},"end":{"line":207,"column":null}},"84":{"start":{"line":208,"column":12},"end":{"line":208,"column":null}},"85":{"start":{"line":212,"column":10},"end":{"line":219,"column":null}},"86":{"start":{"line":213,"column":12},"end":{"line":213,"column":null}},"87":{"start":{"line":214,"column":12},"end":{"line":214,"column":null}},"88":{"start":{"line":215,"column":12},"end":{"line":215,"column":null}},"89":{"start":{"line":216,"column":12},"end":{"line":216,"column":null}},"90":{"start":{"line":216,"column":43},"end":{"line":216,"column":null}},"91":{"start":{"line":217,"column":12},"end":{"line":217,"column":null}},"92":{"start":{"line":218,"column":12},"end":{"line":218,"column":null}},"93":{"start":{"line":220,"column":10},"end":{"line":220,"column":null}},"94":{"start":{"line":223,"column":25},"end":{"line":223,"column":null}},"95":{"start":{"line":224,"column":25},"end":{"line":224,"column":null}},"96":{"start":{"line":225,"column":10},"end":{"line":225,"column":null}},"97":{"start":{"line":225,"column":23},"end":{"line":225,"column":null}},"98":{"start":{"line":226,"column":23},"end":{"line":226,"column":null}},"99":{"start":{"line":227,"column":25},"end":{"line":227,"column":null}},"100":{"start":{"line":227,"column":53},"end":{"line":227,"column":65}},"101":{"start":{"line":227,"column":79},"end":{"line":227,"column":128}},"102":{"start":{"line":228,"column":10},"end":{"line":235,"column":null}},"103":{"start":{"line":238,"column":25},"end":{"line":238,"column":null}},"104":{"start":{"line":239,"column":25},"end":{"line":239,"column":null}},"105":{"start":{"line":240,"column":10},"end":{"line":240,"column":null}},"106":{"start":{"line":240,"column":23},"end":{"line":240,"column":null}},"107":{"start":{"line":241,"column":10},"end":{"line":248,"column":null}},"108":{"start":{"line":243,"column":12},"end":{"line":246,"column":null}},"109":{"start":{"line":244,"column":14},"end":{"line":244,"column":null}},"110":{"start":{"line":245,"column":14},"end":{"line":245,"column":null}},"111":{"start":{"line":247,"column":12},"end":{"line":247,"column":null}},"112":{"start":{"line":249,"column":10},"end":{"line":249,"column":null}},"113":{"start":{"line":249,"column":43},"end":{"line":249,"column":null}},"114":{"start":{"line":250,"column":10},"end":{"line":250,"column":null}},"115":{"start":{"line":253,"column":25},"end":{"line":253,"column":null}},"116":{"start":{"line":254,"column":25},"end":{"line":254,"column":null}},"117":{"start":{"line":255,"column":10},"end":{"line":255,"column":null}},"118":{"start":{"line":255,"column":40},"end":{"line":255,"column":null}},"119":{"start":{"line":256,"column":16},"end":{"line":262,"column":null}},"120":{"start":{"line":257,"column":12},"end":{"line":257,"column":null}},"121":{"start":{"line":257,"column":31},"end":{"line":257,"column":null}},"122":{"start":{"line":258,"column":12},"end":{"line":258,"column":null}},"123":{"start":{"line":259,"column":12},"end":{"line":261,"column":null}},"124":{"start":{"line":260,"column":14},"end":{"line":260,"column":null}},"125":{"start":{"line":260,"column":34},"end":{"line":260,"column":null}},"126":{"start":{"line":263,"column":10},"end":{"line":263,"column":null}},"127":{"start":{"line":264,"column":10},"end":{"line":264,"column":null}},"128":{"start":{"line":267,"column":10},"end":{"line":274,"column":null}},"129":{"start":{"line":268,"column":22},"end":{"line":268,"column":null}},"130":{"start":{"line":269,"column":23},"end":{"line":269,"column":null}},"131":{"start":{"line":270,"column":12},"end":{"line":270,"column":null}},"132":{"start":{"line":270,"column":30},"end":{"line":270,"column":null}},"133":{"start":{"line":271,"column":12},"end":{"line":271,"column":null}},"134":{"start":{"line":273,"column":12},"end":{"line":273,"column":null}},"135":{"start":{"line":277,"column":10},"end":{"line":288,"column":null}},"136":{"start":{"line":278,"column":27},"end":{"line":278,"column":null}},"137":{"start":{"line":279,"column":22},"end":{"line":279,"column":null}},"138":{"start":{"line":280,"column":28},"end":{"line":280,"column":null}},"139":{"start":{"line":281,"column":12},"end":{"line":281,"column":null}},"140":{"start":{"line":282,"column":24},"end":{"line":282,"column":null}},"141":{"start":{"line":283,"column":12},"end":{"line":283,"column":null}},"142":{"start":{"line":284,"column":12},"end":{"line":284,"column":null}},"143":{"start":{"line":285,"column":12},"end":{"line":285,"column":null}},"144":{"start":{"line":287,"column":12},"end":{"line":287,"column":null}},"145":{"start":{"line":291,"column":10},"end":{"line":301,"column":null}},"146":{"start":{"line":292,"column":22},"end":{"line":292,"column":null}},"147":{"start":{"line":293,"column":28},"end":{"line":297,"column":null}},"148":{"start":{"line":293,"column":84},"end":{"line":297,"column":14}},"149":{"start":{"line":298,"column":12},"end":{"line":298,"column":null}},"150":{"start":{"line":300,"column":12},"end":{"line":300,"column":null}},"151":{"start":{"line":304,"column":10},"end":{"line":318,"column":null}},"152":{"start":{"line":305,"column":22},"end":{"line":305,"column":null}},"153":{"start":{"line":306,"column":12},"end":{"line":306,"column":null}},"154":{"start":{"line":306,"column":32},"end":{"line":306,"column":null}},"155":{"start":{"line":307,"column":23},"end":{"line":307,"column":null}},"156":{"start":{"line":308,"column":12},"end":{"line":315,"column":null}},"157":{"start":{"line":317,"column":12},"end":{"line":317,"column":null}},"158":{"start":{"line":321,"column":10},"end":{"line":328,"column":null}},"159":{"start":{"line":322,"column":27},"end":{"line":322,"column":null}},"160":{"start":{"line":323,"column":22},"end":{"line":323,"column":null}},"161":{"start":{"line":324,"column":12},"end":{"line":324,"column":null}},"162":{"start":{"line":325,"column":12},"end":{"line":325,"column":null}},"163":{"start":{"line":327,"column":12},"end":{"line":327,"column":null}},"164":{"start":{"line":331,"column":10},"end":{"line":337,"column":null}},"165":{"start":{"line":332,"column":22},"end":{"line":332,"column":null}},"166":{"start":{"line":333,"column":12},"end":{"line":333,"column":null}},"167":{"start":{"line":334,"column":12},"end":{"line":334,"column":null}},"168":{"start":{"line":336,"column":12},"end":{"line":336,"column":null}},"169":{"start":{"line":340,"column":10},"end":{"line":346,"column":null}},"170":{"start":{"line":341,"column":22},"end":{"line":341,"column":null}},"171":{"start":{"line":342,"column":12},"end":{"line":342,"column":null}},"172":{"start":{"line":342,"column":32},"end":{"line":342,"column":null}},"173":{"start":{"line":343,"column":12},"end":{"line":343,"column":null}},"174":{"start":{"line":345,"column":12},"end":{"line":345,"column":null}},"175":{"start":{"line":349,"column":10},"end":{"line":357,"column":null}},"176":{"start":{"line":350,"column":27},"end":{"line":350,"column":null}},"177":{"start":{"line":351,"column":25},"end":{"line":351,"column":null}},"178":{"start":{"line":352,"column":23},"end":{"line":352,"column":null}},"179":{"start":{"line":353,"column":12},"end":{"line":353,"column":null}},"180":{"start":{"line":354,"column":12},"end":{"line":354,"column":null}},"181":{"start":{"line":356,"column":12},"end":{"line":356,"column":null}},"182":{"start":{"line":360,"column":10},"end":{"line":360,"column":null}},"183":{"start":{"line":364,"column":4},"end":{"line":373,"column":null}},"184":{"start":{"line":366,"column":6},"end":{"line":372,"column":null}},"185":{"start":{"line":367,"column":8},"end":{"line":370,"column":null}},"186":{"start":{"line":368,"column":10},"end":{"line":368,"column":null}},"187":{"start":{"line":369,"column":10},"end":{"line":369,"column":null}},"188":{"start":{"line":369,"column":29},"end":{"line":369,"column":78}},"189":{"start":{"line":369,"column":49},"end":{"line":369,"column":78}},"190":{"start":{"line":371,"column":8},"end":{"line":371,"column":null}},"191":{"start":{"line":376,"column":2},"end":{"line":387,"column":null}},"192":{"start":{"line":378,"column":17},"end":{"line":386,"column":null}},"193":{"start":{"line":379,"column":6},"end":{"line":381,"column":null}},"194":{"start":{"line":380,"column":8},"end":{"line":380,"column":null}},"195":{"start":{"line":380,"column":30},"end":{"line":380,"column":59}},"196":{"start":{"line":382,"column":6},"end":{"line":382,"column":null}},"197":{"start":{"line":384,"column":6},"end":{"line":384,"column":null}},"198":{"start":{"line":384,"column":40},"end":{"line":384,"column":null}},"199":{"start":{"line":385,"column":6},"end":{"line":385,"column":null}},"200":{"start":{"line":385,"column":22},"end":{"line":385,"column":36}},"201":{"start":{"line":391,"column":2},"end":{"line":391,"column":null}},"202":{"start":{"line":396,"column":15},"end":{"line":396,"column":null}},"203":{"start":{"line":397,"column":2},"end":{"line":397,"column":null}},"204":{"start":{"line":397,"column":15},"end":{"line":397,"column":18}},"205":{"start":{"line":397,"column":43},"end":{"line":397,"column":null}},"206":{"start":{"line":398,"column":17},"end":{"line":398,"column":null}},"207":{"start":{"line":399,"column":14},"end":{"line":399,"column":null}},"208":{"start":{"line":400,"column":20},"end":{"line":400,"column":null}},"209":{"start":{"line":401,"column":2},"end":{"line":403,"column":null}},"210":{"start":{"line":402,"column":4},"end":{"line":402,"column":null}},"211":{"start":{"line":404,"column":19},"end":{"line":404,"column":null}},"212":{"start":{"line":405,"column":18},"end":{"line":405,"column":null}},"213":{"start":{"line":406,"column":18},"end":{"line":406,"column":null}},"214":{"start":{"line":408,"column":2},"end":{"line":408,"column":null}},"215":{"start":{"line":409,"column":2},"end":{"line":409,"column":null}},"216":{"start":{"line":412,"column":0},"end":{"line":417,"column":null}},"217":{"start":{"line":413,"column":2},"end":{"line":416,"column":null}},"218":{"start":{"line":414,"column":4},"end":{"line":414,"column":null}},"219":{"start":{"line":415,"column":4},"end":{"line":415,"column":null}}},"fnMap":{"0":{"name":"b64","decl":{"start":{"line":32,"column":9},"end":{"line":32,"column":13}},"loc":{"start":{"line":32,"column":44},"end":{"line":34,"column":null}},"line":32},"1":{"name":"toAbsPath","decl":{"start":{"line":36,"column":9},"end":{"line":36,"column":19}},"loc":{"start":{"line":36,"column":62},"end":{"line":48,"column":null}},"line":36},"2":{"name":"toAbsPathSafe","decl":{"start":{"line":55,"column":9},"end":{"line":55,"column":23}},"loc":{"start":{"line":55,"column":84},"end":{"line":81,"column":null}},"line":55},"3":{"name":"(anonymous_3)","decl":{"start":{"line":65,"column":8},"end":{"line":65,"column":17}},"loc":{"start":{"line":65,"column":42},"end":{"line":70,"column":null}},"line":65},"4":{"name":"startExecServer","decl":{"start":{"line":110,"column":22},"end":{"line":110,"column":38}},"loc":{"start":{"line":113,"column":3},"end":{"line":388,"column":null}},"line":113},"5":{"name":"(anonymous_5)","decl":{"start":{"line":123,"column":10},"end":{"line":123,"column":25}},"loc":{"start":{"line":123,"column":123},"end":{"line":126,"column":null}},"line":123},"6":{"name":"(anonymous_6)","decl":{"start":{"line":130,"column":12},"end":{"line":130,"column":27}},"loc":{"start":{"line":130,"column":59},"end":{"line":133,"column":3}},"line":130},"7":{"name":"(anonymous_7)","decl":{"start":{"line":136,"column":9},"end":{"line":136,"column":24}},"loc":{"start":{"line":136,"column":41},"end":{"line":374,"column":3}},"line":136},"8":{"name":"(anonymous_8)","decl":{"start":{"line":138,"column":10},"end":{"line":138,"column":20}},"loc":{"start":{"line":139,"column":6},"end":{"line":139,"column":null}},"line":139},"9":{"name":"(anonymous_9)","decl":{"start":{"line":141,"column":10},"end":{"line":141,"column":19}},"loc":{"start":{"line":142,"column":6},"end":{"line":142,"column":null}},"line":142},"10":{"name":"(anonymous_10)","decl":{"start":{"line":143,"column":10},"end":{"line":143,"column":18}},"loc":{"start":{"line":144,"column":6},"end":{"line":144,"column":null}},"line":144},"11":{"name":"(anonymous_11)","decl":{"start":{"line":146,"column":10},"end":{"line":146,"column":22}},"loc":{"start":{"line":146,"column":39},"end":{"line":362,"column":5}},"line":146},"12":{"name":"(anonymous_12)","decl":{"start":{"line":196,"column":16},"end":{"line":196,"column":24}},"loc":{"start":{"line":196,"column":71},"end":{"line":200,"column":null}},"line":196},"13":{"name":"(anonymous_13)","decl":{"start":{"line":201,"column":53},"end":{"line":201,"column":62}},"loc":{"start":{"line":201,"column":76},"end":{"line":201,"column":93}},"line":201},"14":{"name":"(anonymous_14)","decl":{"start":{"line":202,"column":53},"end":{"line":202,"column":62}},"loc":{"start":{"line":202,"column":76},"end":{"line":202,"column":93}},"line":202},"15":{"name":"(anonymous_15)","decl":{"start":{"line":203,"column":19},"end":{"line":203,"column":29}},"loc":{"start":{"line":203,"column":38},"end":{"line":209,"column":11}},"line":203},"16":{"name":"(anonymous_16)","decl":{"start":{"line":212,"column":19},"end":{"line":212,"column":29}},"loc":{"start":{"line":212,"column":46},"end":{"line":219,"column":11}},"line":212},"17":{"name":"(anonymous_17)","decl":{"start":{"line":227,"column":39},"end":{"line":227,"column":47}},"loc":{"start":{"line":227,"column":53},"end":{"line":227,"column":65}},"line":227},"18":{"name":"(anonymous_18)","decl":{"start":{"line":227,"column":67},"end":{"line":227,"column":72}},"loc":{"start":{"line":227,"column":79},"end":{"line":227,"column":128}},"line":227},"19":{"name":"(anonymous_19)","decl":{"start":{"line":256,"column":16},"end":{"line":256,"column":34}},"loc":{"start":{"line":256,"column":34},"end":{"line":262,"column":null}},"line":256},"20":{"name":"(anonymous_20)","decl":{"start":{"line":259,"column":31},"end":{"line":259,"column":48}},"loc":{"start":{"line":259,"column":48},"end":{"line":261,"column":15}},"line":259},"21":{"name":"(anonymous_21)","decl":{"start":{"line":293,"column":68},"end":{"line":293,"column":73}},"loc":{"start":{"line":293,"column":84},"end":{"line":297,"column":14}},"line":293},"22":{"name":"(anonymous_22)","decl":{"start":{"line":364,"column":10},"end":{"line":364,"column":25}},"loc":{"start":{"line":364,"column":25},"end":{"line":373,"column":5}},"line":364},"23":{"name":"(anonymous_23)","decl":{"start":{"line":369,"column":10},"end":{"line":369,"column":27}},"loc":{"start":{"line":369,"column":27},"end":{"line":369,"column":81}},"line":369},"24":{"name":"(anonymous_24)","decl":{"start":{"line":378,"column":4},"end":{"line":378,"column":17}},"loc":{"start":{"line":378,"column":17},"end":{"line":386,"column":null}},"line":378},"25":{"name":"(anonymous_25)","decl":{"start":{"line":378,"column":21},"end":{"line":378,"column":36}},"loc":{"start":{"line":378,"column":53},"end":{"line":386,"column":5}},"line":378},"26":{"name":"(anonymous_26)","decl":{"start":{"line":385,"column":10},"end":{"line":385,"column":22}},"loc":{"start":{"line":385,"column":22},"end":{"line":385,"column":36}},"line":385},"27":{"name":"dirnameOf","decl":{"start":{"line":390,"column":9},"end":{"line":390,"column":19}},"loc":{"start":{"line":390,"column":38},"end":{"line":392,"column":null}},"line":390},"28":{"name":"main","decl":{"start":{"line":395,"column":22},"end":{"line":395,"column":27}},"loc":{"start":{"line":395,"column":82},"end":{"line":410,"column":null}},"line":395},"29":{"name":"(anonymous_29)","decl":{"start":{"line":413,"column":14},"end":{"line":413,"column":21}},"loc":{"start":{"line":413,"column":31},"end":{"line":416,"column":3}},"line":413}},"branchMap":{"0":{"loc":{"start":{"line":33,"column":9},"end":{"line":33,"column":null}},"type":"cond-expr","locations":[{"start":{"line":33,"column":33},"end":{"line":33,"column":59}},{"start":{"line":33,"column":59},"end":{"line":33,"column":null}}],"line":33},"1":{"loc":{"start":{"line":37,"column":2},"end":{"line":37,"column":null}},"type":"if","locations":[{"start":{"line":37,"column":2},"end":{"line":37,"column":null}},{"start":{},"end":{}}],"line":37},"2":{"loc":{"start":{"line":38,"column":12},"end":{"line":38,"column":null}},"type":"cond-expr","locations":[{"start":{"line":38,"column":40},"end":{"line":38,"column":63}},{"start":{"line":38,"column":63},"end":{"line":38,"column":null}}],"line":38},"3":{"loc":{"start":{"line":40,"column":2},"end":{"line":46,"column":null}},"type":"if","locations":[{"start":{"line":40,"column":2},"end":{"line":46,"column":null}},{"start":{},"end":{}}],"line":40},"4":{"loc":{"start":{"line":43,"column":4},"end":{"line":45,"column":null}},"type":"if","locations":[{"start":{"line":43,"column":4},"end":{"line":45,"column":null}},{"start":{},"end":{}}],"line":43},"5":{"loc":{"start":{"line":43,"column":8},"end":{"line":43,"column":52}},"type":"binary-expr","locations":[{"start":{"line":43,"column":8},"end":{"line":43,"column":24}},{"start":{"line":43,"column":24},"end":{"line":43,"column":52}}],"line":43},"6":{"loc":{"start":{"line":55,"column":58},"end":{"line":55,"column":84}},"type":"default-arg","locations":[{"start":{"line":55,"column":69},"end":{"line":55,"column":84}}],"line":55},"7":{"loc":{"start":{"line":57,"column":2},"end":{"line":57,"column":null}},"type":"if","locations":[{"start":{"line":57,"column":2},"end":{"line":57,"column":null}},{"start":{},"end":{}}],"line":57},"8":{"loc":{"start":{"line":67,"column":4},"end":{"line":69,"column":null}},"type":"if","locations":[{"start":{"line":67,"column":4},"end":{"line":69,"column":null}},{"start":{},"end":{}}],"line":67},"9":{"loc":{"start":{"line":67,"column":8},"end":{"line":67,"column":52}},"type":"binary-expr","locations":[{"start":{"line":67,"column":8},"end":{"line":67,"column":24}},{"start":{"line":67,"column":24},"end":{"line":67,"column":52}}],"line":67},"10":{"loc":{"start":{"line":72,"column":2},"end":{"line":74,"column":null}},"type":"if","locations":[{"start":{"line":72,"column":2},"end":{"line":74,"column":null}},{"start":{},"end":{}}],"line":72},"11":{"loc":{"start":{"line":73,"column":12},"end":{"line":73,"column":null}},"type":"cond-expr","locations":[{"start":{"line":73,"column":23},"end":{"line":73,"column":38}},{"start":{"line":73,"column":38},"end":{"line":73,"column":null}}],"line":73},"12":{"loc":{"start":{"line":79,"column":2},"end":{"line":79,"column":null}},"type":"if","locations":[{"start":{"line":79,"column":2},"end":{"line":79,"column":null}},{"start":{},"end":{}}],"line":79},"13":{"loc":{"start":{"line":115,"column":15},"end":{"line":115,"column":null}},"type":"cond-expr","locations":[{"start":{"line":115,"column":33},"end":{"line":115,"column":37}},{"start":{"line":115,"column":37},"end":{"line":115,"column":null}}],"line":115},"14":{"loc":{"start":{"line":121,"column":8},"end":{"line":128,"column":null}},"type":"cond-expr","locations":[{"start":{"line":122,"column":8},"end":{"line":127,"column":null}},{"start":{"line":128,"column":8},"end":{"line":128,"column":null}}],"line":121},"15":{"loc":{"start":{"line":124,"column":34},"end":{"line":124,"column":55}},"type":"binary-expr","locations":[{"start":{"line":124,"column":34},"end":{"line":124,"column":50}},{"start":{"line":124,"column":50},"end":{"line":124,"column":55}}],"line":124},"16":{"loc":{"start":{"line":150,"column":6},"end":{"line":361,"column":null}},"type":"switch","locations":[{"start":{"line":151,"column":8},"end":{"line":151,"column":null}},{"start":{"line":152,"column":8},"end":{"line":152,"column":null}},{"start":{"line":153,"column":8},"end":{"line":221,"column":null}},{"start":{"line":222,"column":8},"end":{"line":236,"column":null}},{"start":{"line":237,"column":8},"end":{"line":251,"column":null}},{"start":{"line":252,"column":8},"end":{"line":265,"column":null}},{"start":{"line":266,"column":8},"end":{"line":275,"column":null}},{"start":{"line":276,"column":8},"end":{"line":289,"column":null}},{"start":{"line":290,"column":8},"end":{"line":302,"column":null}},{"start":{"line":303,"column":8},"end":{"line":319,"column":null}},{"start":{"line":320,"column":8},"end":{"line":329,"column":null}},{"start":{"line":330,"column":8},"end":{"line":338,"column":null}},{"start":{"line":339,"column":8},"end":{"line":347,"column":null}},{"start":{"line":348,"column":8},"end":{"line":358,"column":null}},{"start":{"line":359,"column":8},"end":{"line":360,"column":null}}],"line":150},"17":{"loc":{"start":{"line":162,"column":35},"end":{"line":162,"column":67}},"type":"binary-expr","locations":[{"start":{"line":162,"column":35},"end":{"line":162,"column":55}},{"start":{"line":162,"column":55},"end":{"line":162,"column":67}}],"line":162},"18":{"loc":{"start":{"line":163,"column":10},"end":{"line":165,"column":null}},"type":"if","locations":[{"start":{"line":163,"column":10},"end":{"line":165,"column":null}},{"start":{},"end":{}}],"line":163},"19":{"loc":{"start":{"line":166,"column":23},"end":{"line":166,"column":null}},"type":"cond-expr","locations":[{"start":{"line":166,"column":52},"end":{"line":166,"column":78}},{"start":{"line":166,"column":78},"end":{"line":166,"column":null}}],"line":166},"20":{"loc":{"start":{"line":167,"column":10},"end":{"line":169,"column":null}},"type":"if","locations":[{"start":{"line":167,"column":10},"end":{"line":169,"column":null}},{"start":{},"end":{}}],"line":167},"21":{"loc":{"start":{"line":167,"column":14},"end":{"line":167,"column":82}},"type":"binary-expr","locations":[{"start":{"line":167,"column":14},"end":{"line":167,"column":35}},{"start":{"line":167,"column":35},"end":{"line":167,"column":60}},{"start":{"line":167,"column":60},"end":{"line":167,"column":82}}],"line":167},"22":{"loc":{"start":{"line":171,"column":36},"end":{"line":171,"column":65}},"type":"binary-expr","locations":[{"start":{"line":171,"column":36},"end":{"line":171,"column":50}},{"start":{"line":171,"column":50},"end":{"line":171,"column":65}}],"line":171},"23":{"loc":{"start":{"line":172,"column":53},"end":{"line":172,"column":107}},"type":"cond-expr","locations":[{"start":{"line":172,"column":78},"end":{"line":172,"column":94}},{"start":{"line":172,"column":94},"end":{"line":172,"column":107}}],"line":172},"24":{"loc":{"start":{"line":178,"column":41},"end":{"line":178,"column":59}},"type":"binary-expr","locations":[{"start":{"line":178,"column":41},"end":{"line":178,"column":55}},{"start":{"line":178,"column":55},"end":{"line":178,"column":59}}],"line":178},"25":{"loc":{"start":{"line":182,"column":70},"end":{"line":182,"column":126}},"type":"cond-expr","locations":[{"start":{"line":182,"column":95},"end":{"line":182,"column":111}},{"start":{"line":182,"column":111},"end":{"line":182,"column":126}}],"line":182},"26":{"loc":{"start":{"line":191,"column":21},"end":{"line":191,"column":null}},"type":"binary-expr","locations":[{"start":{"line":191,"column":21},"end":{"line":191,"column":40}},{"start":{"line":191,"column":40},"end":{"line":191,"column":null}}],"line":191},"27":{"loc":{"start":{"line":201,"column":10},"end":{"line":201,"column":null}},"type":"if","locations":[{"start":{"line":201,"column":10},"end":{"line":201,"column":null}},{"start":{},"end":{}}],"line":201},"28":{"loc":{"start":{"line":202,"column":10},"end":{"line":202,"column":null}},"type":"if","locations":[{"start":{"line":202,"column":10},"end":{"line":202,"column":null}},{"start":{},"end":{}}],"line":202},"29":{"loc":{"start":{"line":206,"column":12},"end":{"line":206,"column":null}},"type":"if","locations":[{"start":{"line":206,"column":12},"end":{"line":206,"column":null}},{"start":{},"end":{}}],"line":206},"30":{"loc":{"start":{"line":216,"column":12},"end":{"line":216,"column":null}},"type":"if","locations":[{"start":{"line":216,"column":12},"end":{"line":216,"column":null}},{"start":{},"end":{}}],"line":216},"31":{"loc":{"start":{"line":225,"column":10},"end":{"line":225,"column":null}},"type":"if","locations":[{"start":{"line":225,"column":10},"end":{"line":225,"column":null}},{"start":{},"end":{}}],"line":225},"32":{"loc":{"start":{"line":226,"column":23},"end":{"line":226,"column":null}},"type":"cond-expr","locations":[{"start":{"line":226,"column":61},"end":{"line":226,"column":79}},{"start":{"line":226,"column":79},"end":{"line":226,"column":null}}],"line":226},"33":{"loc":{"start":{"line":232,"column":22},"end":{"line":232,"column":null}},"type":"cond-expr","locations":[{"start":{"line":232,"column":38},"end":{"line":232,"column":56}},{"start":{"line":232,"column":56},"end":{"line":232,"column":null}}],"line":232},"34":{"loc":{"start":{"line":240,"column":10},"end":{"line":240,"column":null}},"type":"if","locations":[{"start":{"line":240,"column":10},"end":{"line":240,"column":null}},{"start":{},"end":{}}],"line":240},"35":{"loc":{"start":{"line":241,"column":10},"end":{"line":248,"column":null}},"type":"if","locations":[{"start":{"line":241,"column":10},"end":{"line":248,"column":null}},{"start":{},"end":{}}],"line":241},"36":{"loc":{"start":{"line":241,"column":14},"end":{"line":241,"column":77}},"type":"binary-expr","locations":[{"start":{"line":241,"column":14},"end":{"line":241,"column":50}},{"start":{"line":241,"column":50},"end":{"line":241,"column":77}}],"line":241},"37":{"loc":{"start":{"line":243,"column":12},"end":{"line":246,"column":null}},"type":"if","locations":[{"start":{"line":243,"column":12},"end":{"line":246,"column":null}},{"start":{},"end":{}}],"line":243},"38":{"loc":{"start":{"line":243,"column":16},"end":{"line":243,"column":68}},"type":"binary-expr","locations":[{"start":{"line":243,"column":16},"end":{"line":243,"column":39}},{"start":{"line":243,"column":39},"end":{"line":243,"column":68}}],"line":243},"39":{"loc":{"start":{"line":249,"column":10},"end":{"line":249,"column":null}},"type":"if","locations":[{"start":{"line":249,"column":10},"end":{"line":249,"column":null}},{"start":{},"end":{}}],"line":249},"40":{"loc":{"start":{"line":255,"column":10},"end":{"line":255,"column":null}},"type":"if","locations":[{"start":{"line":255,"column":10},"end":{"line":255,"column":null}},{"start":{},"end":{}}],"line":255},"41":{"loc":{"start":{"line":255,"column":14},"end":{"line":255,"column":40}},"type":"binary-expr","locations":[{"start":{"line":255,"column":14},"end":{"line":255,"column":25}},{"start":{"line":255,"column":25},"end":{"line":255,"column":40}}],"line":255},"42":{"loc":{"start":{"line":257,"column":12},"end":{"line":257,"column":null}},"type":"if","locations":[{"start":{"line":257,"column":12},"end":{"line":257,"column":null}},{"start":{},"end":{}}],"line":257},"43":{"loc":{"start":{"line":260,"column":14},"end":{"line":260,"column":null}},"type":"if","locations":[{"start":{"line":260,"column":14},"end":{"line":260,"column":null}},{"start":{},"end":{}}],"line":260},"44":{"loc":{"start":{"line":270,"column":12},"end":{"line":270,"column":null}},"type":"if","locations":[{"start":{"line":270,"column":12},"end":{"line":270,"column":null}},{"start":{},"end":{}}],"line":270},"45":{"loc":{"start":{"line":273,"column":53},"end":{"line":273,"column":107}},"type":"cond-expr","locations":[{"start":{"line":273,"column":78},"end":{"line":273,"column":94}},{"start":{"line":273,"column":94},"end":{"line":273,"column":107}}],"line":273},"46":{"loc":{"start":{"line":280,"column":40},"end":{"line":280,"column":104}},"type":"cond-expr","locations":[{"start":{"line":280,"column":80},"end":{"line":280,"column":100}},{"start":{"line":280,"column":100},"end":{"line":280,"column":104}}],"line":280},"47":{"loc":{"start":{"line":287,"column":53},"end":{"line":287,"column":107}},"type":"cond-expr","locations":[{"start":{"line":287,"column":78},"end":{"line":287,"column":94}},{"start":{"line":287,"column":94},"end":{"line":287,"column":107}}],"line":287},"48":{"loc":{"start":{"line":296,"column":24},"end":{"line":296,"column":null}},"type":"cond-expr","locations":[{"start":{"line":296,"column":46},"end":{"line":296,"column":60}},{"start":{"line":296,"column":60},"end":{"line":296,"column":null}}],"line":296},"49":{"loc":{"start":{"line":296,"column":60},"end":{"line":296,"column":null}},"type":"cond-expr","locations":[{"start":{"line":296,"column":77},"end":{"line":296,"column":86}},{"start":{"line":296,"column":86},"end":{"line":296,"column":null}}],"line":296},"50":{"loc":{"start":{"line":300,"column":53},"end":{"line":300,"column":107}},"type":"cond-expr","locations":[{"start":{"line":300,"column":78},"end":{"line":300,"column":94}},{"start":{"line":300,"column":94},"end":{"line":300,"column":107}}],"line":300},"51":{"loc":{"start":{"line":306,"column":12},"end":{"line":306,"column":null}},"type":"if","locations":[{"start":{"line":306,"column":12},"end":{"line":306,"column":null}},{"start":{},"end":{}}],"line":306},"52":{"loc":{"start":{"line":312,"column":24},"end":{"line":312,"column":null}},"type":"cond-expr","locations":[{"start":{"line":312,"column":38},"end":{"line":312,"column":47}},{"start":{"line":312,"column":47},"end":{"line":312,"column":null}}],"line":312},"53":{"loc":{"start":{"line":312,"column":47},"end":{"line":312,"column":null}},"type":"cond-expr","locations":[{"start":{"line":312,"column":66},"end":{"line":312,"column":80}},{"start":{"line":312,"column":80},"end":{"line":312,"column":null}}],"line":312},"54":{"loc":{"start":{"line":317,"column":53},"end":{"line":317,"column":107}},"type":"cond-expr","locations":[{"start":{"line":317,"column":78},"end":{"line":317,"column":94}},{"start":{"line":317,"column":94},"end":{"line":317,"column":107}}],"line":317},"55":{"loc":{"start":{"line":327,"column":53},"end":{"line":327,"column":107}},"type":"cond-expr","locations":[{"start":{"line":327,"column":78},"end":{"line":327,"column":94}},{"start":{"line":327,"column":94},"end":{"line":327,"column":107}}],"line":327},"56":{"loc":{"start":{"line":336,"column":53},"end":{"line":336,"column":107}},"type":"cond-expr","locations":[{"start":{"line":336,"column":78},"end":{"line":336,"column":94}},{"start":{"line":336,"column":94},"end":{"line":336,"column":107}}],"line":336},"57":{"loc":{"start":{"line":342,"column":12},"end":{"line":342,"column":null}},"type":"if","locations":[{"start":{"line":342,"column":12},"end":{"line":342,"column":null}},{"start":{},"end":{}}],"line":342},"58":{"loc":{"start":{"line":345,"column":53},"end":{"line":345,"column":107}},"type":"cond-expr","locations":[{"start":{"line":345,"column":78},"end":{"line":345,"column":94}},{"start":{"line":345,"column":94},"end":{"line":345,"column":107}}],"line":345},"59":{"loc":{"start":{"line":356,"column":53},"end":{"line":356,"column":107}},"type":"cond-expr","locations":[{"start":{"line":356,"column":78},"end":{"line":356,"column":94}},{"start":{"line":356,"column":94},"end":{"line":356,"column":107}}],"line":356},"60":{"loc":{"start":{"line":367,"column":8},"end":{"line":370,"column":null}},"type":"if","locations":[{"start":{"line":367,"column":8},"end":{"line":370,"column":null}},{"start":{},"end":{}}],"line":367},"61":{"loc":{"start":{"line":369,"column":29},"end":{"line":369,"column":78}},"type":"if","locations":[{"start":{"line":369,"column":29},"end":{"line":369,"column":78}},{"start":{},"end":{}}],"line":369},"62":{"loc":{"start":{"line":380,"column":8},"end":{"line":380,"column":null}},"type":"if","locations":[{"start":{"line":380,"column":8},"end":{"line":380,"column":null}},{"start":{},"end":{}}],"line":380},"63":{"loc":{"start":{"line":395,"column":27},"end":{"line":395,"column":82}},"type":"default-arg","locations":[{"start":{"line":395,"column":44},"end":{"line":395,"column":82}}],"line":395},"64":{"loc":{"start":{"line":397,"column":81},"end":{"line":397,"column":98}},"type":"binary-expr","locations":[{"start":{"line":397,"column":81},"end":{"line":397,"column":96}},{"start":{"line":397,"column":96},"end":{"line":397,"column":98}}],"line":397},"65":{"loc":{"start":{"line":398,"column":17},"end":{"line":398,"column":null}},"type":"binary-expr","locations":[{"start":{"line":398,"column":17},"end":{"line":398,"column":39}},{"start":{"line":398,"column":39},"end":{"line":398,"column":null}}],"line":398},"66":{"loc":{"start":{"line":401,"column":2},"end":{"line":403,"column":null}},"type":"if","locations":[{"start":{"line":401,"column":2},"end":{"line":403,"column":null}},{"start":{},"end":{}}],"line":401},"67":{"loc":{"start":{"line":405,"column":25},"end":{"line":405,"column":55}},"type":"binary-expr","locations":[{"start":{"line":405,"column":25},"end":{"line":405,"column":49}},{"start":{"line":405,"column":49},"end":{"line":405,"column":55}}],"line":405},"68":{"loc":{"start":{"line":409,"column":63},"end":{"line":409,"column":90}},"type":"binary-expr","locations":[{"start":{"line":409,"column":63},"end":{"line":409,"column":75}},{"start":{"line":409,"column":75},"end":{"line":409,"column":90}}],"line":409},"69":{"loc":{"start":{"line":409,"column":100},"end":{"line":409,"column":139}},"type":"cond-expr","locations":[{"start":{"line":409,"column":122},"end":{"line":409,"column":132}},{"start":{"line":409,"column":132},"end":{"line":409,"column":139}}],"line":409},"70":{"loc":{"start":{"line":412,"column":0},"end":{"line":417,"column":null}},"type":"if","locations":[{"start":{"line":412,"column":0},"end":{"line":417,"column":null}},{"start":{},"end":{}}],"line":412},"71":{"loc":{"start":{"line":412,"column":4},"end":{"line":412,"column":152}},"type":"binary-expr","locations":[{"start":{"line":412,"column":4},"end":{"line":412,"column":56}},{"start":{"line":412,"column":56},"end":{"line":412,"column":89}},{"start":{"line":412,"column":89},"end":{"line":412,"column":152}}],"line":412},"72":{"loc":{"start":{"line":414,"column":41},"end":{"line":414,"column":97}},"type":"cond-expr","locations":[{"start":{"line":414,"column":66},"end":{"line":414,"column":82}},{"start":{"line":414,"column":82},"end":{"line":414,"column":97}}],"line":414}},"s":{"0":6121,"1":60,"2":0,"3":60,"4":60,"5":60,"6":60,"7":60,"8":60,"9":6,"10":54,"11":60,"12":60,"13":0,"14":54,"15":54,"16":0,"17":54,"18":47,"19":47,"20":2,"21":54,"22":54,"23":9,"24":54,"25":54,"26":54,"27":47,"28":52,"29":20,"30":20,"31":20,"32":20,"33":31,"34":31,"35":20,"36":20,"37":20,"38":20,"39":20,"40":24,"41":3118,"42":24,"43":79,"44":24,"45":16,"46":24,"47":116,"48":116,"49":0,"50":116,"51":23,"52":21,"53":30,"54":30,"55":30,"56":1,"57":29,"58":30,"59":0,"60":29,"61":29,"62":0,"63":29,"64":29,"65":0,"66":29,"67":30,"68":30,"69":3058,"70":3058,"71":3058,"72":30,"73":29,"74":3057,"75":29,"76":29,"77":1,"78":29,"79":29,"80":29,"81":29,"82":1,"83":29,"84":29,"85":29,"86":1,"87":1,"88":1,"89":1,"90":0,"91":1,"92":1,"93":29,"94":9,"95":9,"96":9,"97":0,"98":9,"99":9,"100":3058,"101":0,"102":9,"103":0,"104":0,"105":0,"106":0,"107":0,"108":0,"109":0,"110":0,"111":0,"112":0,"113":0,"114":0,"115":1,"116":1,"117":1,"118":0,"119":1,"120":1,"121":0,"122":1,"123":1,"124":0,"125":0,"126":1,"127":1,"128":6,"129":6,"130":6,"131":6,"132":0,"133":5,"134":1,"135":6,"136":6,"137":6,"138":6,"139":6,"140":6,"141":6,"142":6,"143":6,"144":2,"145":1,"146":1,"147":1,"148":1,"149":1,"150":0,"151":11,"152":11,"153":11,"154":3,"155":6,"156":6,"157":2,"158":0,"159":0,"160":0,"161":0,"162":0,"163":0,"164":0,"165":0,"166":0,"167":0,"168":0,"169":7,"170":7,"171":7,"172":3,"173":1,"174":6,"175":0,"176":0,"177":0,"178":0,"179":0,"180":0,"181":0,"182":1,"183":24,"184":12,"185":21,"186":20,"187":20,"188":20,"189":0,"190":21,"191":20,"192":8,"193":8,"194":7,"195":0,"196":8,"197":8,"198":8,"199":8,"200":8,"201":8,"202":0,"203":0,"204":0,"205":0,"206":0,"207":0,"208":0,"209":0,"210":0,"211":0,"212":0,"213":0,"214":0,"215":0,"216":3,"217":0,"218":0,"219":0},"f":{"0":6121,"1":60,"2":60,"3":47,"4":20,"5":31,"6":20,"7":24,"8":3118,"9":79,"10":16,"11":116,"12":3058,"13":3057,"14":1,"15":29,"16":1,"17":3058,"18":0,"19":1,"20":0,"21":1,"22":12,"23":20,"24":8,"25":8,"26":8,"27":8,"28":0,"29":0},"b":{"0":[6121,0],"1":[0,60],"2":[60,0],"3":[60,0],"4":[6,54],"5":[60,60],"6":[60],"7":[0,60],"8":[2,45],"9":[47,47],"10":[9,45],"11":[3,6],"12":[47,7],"13":[0,20],"14":[20,0],"15":[31,0],"16":[23,21,30,9,0,1,6,6,1,11,0,0,7,0,1],"17":[30,0],"18":[1,29],"19":[29,0],"20":[0,30],"21":[30,29,29],"22":[29,0],"23":[0,0],"24":[29,21],"25":[0,0],"26":[29,1],"27":[29,1],"28":[29,0],"29":[1,28],"30":[0,1],"31":[0,9],"32":[9,0],"33":[9,0],"34":[0,0],"35":[0,0],"36":[0,0],"37":[0,0],"38":[0,0],"39":[0,0],"40":[0,1],"41":[1,1],"42":[0,1],"43":[0,0],"44":[0,6],"45":[1,0],"46":[4,0],"47":[2,0],"48":[0,1],"49":[1,0],"50":[0,0],"51":[3,8],"52":[6,0],"53":[0,0],"54":[2,0],"55":[0,0],"56":[0,0],"57":[3,4],"58":[6,0],"59":[0,0],"60":[20,1],"61":[0,20],"62":[0,7],"63":[0],"64":[0,0],"65":[0,0],"66":[0,0],"67":[0,0],"68":[0,0],"69":[0,0],"70":[0,3],"71":[3,3,3],"72":[0,0]},"meta":{"lastBranch":73,"lastFunction":30,"lastStatement":220,"seen":{"f:32:9:32:13":0,"s:33:2:33:Infinity":0,"b:33:33:33:59:33:59:33:Infinity":0,"f:36:9:36:19":1,"b:37:2:37:Infinity:undefined:undefined:undefined:undefined":1,"s:37:2:37:Infinity":1,"s:37:33:37:Infinity":2,"s:38:12:38:Infinity":3,"b:38:40:38:63:38:63:38:Infinity":2,"s:39:14:39:Infinity":4,"b:40:2:46:Infinity:undefined:undefined:undefined:undefined":3,"s:40:2:46:Infinity":5,"s:41:17:41:Infinity":6,"s:42:16:42:Infinity":7,"b:43:4:45:Infinity:undefined:undefined:undefined:undefined":4,"s:43:4:45:Infinity":8,"b:43:8:43:24:43:24:43:52":5,"s:44:6:44:Infinity":9,"s:47:2:47:Infinity":10,"f:55:9:55:23":2,"b:55:69:55:84":6,"s:56:14:56:Infinity":11,"b:57:2:57:Infinity:undefined:undefined:undefined:undefined":7,"s:57:2:57:Infinity":12,"s:57:30:57:Infinity":13,"s:60:2:64:Infinity":14,"s:61:4:61:Infinity":15,"s:63:4:63:Infinity":16,"s:65:8:70:Infinity":17,"f:65:8:65:17":3,"s:66:16:66:Infinity":18,"b:67:4:69:Infinity:undefined:undefined:undefined:undefined":8,"s:67:4:69:Infinity":19,"b:67:8:67:24:67:24:67:52":9,"s:68:6:68:Infinity":20,"s:71:14:71:Infinity":21,"b:72:2:74:Infinity:undefined:undefined:undefined:undefined":10,"s:72:2:74:Infinity":22,"s:73:4:73:Infinity":23,"b:73:23:73:38:73:38:73:Infinity":11,"s:76:2:78:Infinity":24,"s:77:4:77:Infinity":25,"b:79:2:79:Infinity:undefined:undefined:undefined:undefined":12,"s:79:2:79:Infinity":26,"s:79:26:79:Infinity":27,"s:80:2:80:Infinity":28,"f:110:22:110:38":4,"s:114:14:114:Infinity":29,"s:115:15:115:Infinity":30,"b:115:33:115:37:115:37:115:Infinity":13,"s:116:20:116:Infinity":31,"s:118:14:129:Infinity":32,"b:122:8:127:Infinity:128:8:128:Infinity":14,"f:123:10:123:25":5,"s:124:26:124:Infinity":33,"b:124:34:124:50:124:50:124:55":15,"s:125:12:125:Infinity":34,"s:130:2:133:Infinity":35,"f:130:12:130:27":6,"s:131:4:131:Infinity":36,"s:132:4:132:Infinity":37,"s:134:20:134:Infinity":38,"s:136:2:374:Infinity":39,"f:136:9:136:24":7,"s:138:10:139:Infinity":40,"f:138:10:138:20":8,"s:139:6:139:Infinity":41,"s:141:10:142:Infinity":42,"f:141:10:141:19":9,"s:142:6:142:Infinity":43,"s:143:10:144:Infinity":44,"f:143:10:143:18":10,"s:144:6:144:Infinity":45,"s:146:4:362:Infinity":46,"f:146:10:146:22":11,"s:148:6:148:Infinity":47,"s:148:12:148:42":48,"s:148:52:148:59":49,"b:151:8:151:Infinity:152:8:152:Infinity:153:8:221:Infinity:222:8:236:Infinity:237:8:251:Infinity:252:8:265:Infinity:266:8:275:Infinity:276:8:289:Infinity:290:8:302:Infinity:303:8:319:Infinity:320:8:329:Infinity:330:8:338:Infinity:339:8:347:Infinity:348:8:358:Infinity:359:8:360:Infinity":16,"s:150:6:361:Infinity":50,"s:151:27:151:Infinity":51,"s:152:28:152:Infinity":52,"s:154:25:154:Infinity":53,"s:162:28:162:Infinity":54,"b:162:35:162:55:162:55:162:67":17,"b:163:10:165:Infinity:undefined:undefined:undefined:undefined":18,"s:163:10:165:Infinity":55,"s:164:12:164:Infinity":56,"s:166:23:166:Infinity":57,"b:166:52:166:78:166:78:166:Infinity":19,"b:167:10:169:Infinity:undefined:undefined:undefined:undefined":20,"s:167:10:169:Infinity":58,"b:167:14:167:35:167:35:167:60:167:60:167:82":21,"s:168:12:168:Infinity":59,"s:171:10:173:Infinity":60,"s:171:16:171:90":61,"b:171:36:171:50:171:50:171:65":22,"s:172:12:172:Infinity":62,"b:172:78:172:94:172:94:172:107":23,"s:175:10:183:Infinity":63,"s:176:12:180:Infinity":64,"b:178:41:178:55:178:55:178:59":24,"s:182:12:182:Infinity":65,"b:182:95:182:111:182:111:182:126":25,"s:184:41:193:Infinity":66,"b:191:21:191:40:191:40:191:Infinity":26,"s:194:10:194:Infinity":67,"s:196:16:200:Infinity":68,"f:196:16:196:24":12,"s:197:24:197:Infinity":69,"s:198:12:198:Infinity":70,"s:199:12:199:Infinity":71,"b:201:10:201:Infinity:undefined:undefined:undefined:undefined":27,"s:201:10:201:Infinity":72,"s:201:37:201:Infinity":73,"f:201:53:201:62":13,"s:201:76:201:93":74,"b:202:10:202:Infinity:undefined:undefined:undefined:undefined":28,"s:202:10:202:Infinity":75,"s:202:37:202:Infinity":76,"f:202:53:202:62":14,"s:202:76:202:93":77,"s:203:10:209:Infinity":78,"f:203:19:203:29":15,"s:204:12:204:Infinity":79,"s:205:12:205:Infinity":80,"b:206:12:206:Infinity:undefined:undefined:undefined:undefined":29,"s:206:12:206:Infinity":81,"s:206:43:206:Infinity":82,"s:207:12:207:Infinity":83,"s:208:12:208:Infinity":84,"s:212:10:219:Infinity":85,"f:212:19:212:29":16,"s:213:12:213:Infinity":86,"s:214:12:214:Infinity":87,"s:215:12:215:Infinity":88,"b:216:12:216:Infinity:undefined:undefined:undefined:undefined":30,"s:216:12:216:Infinity":89,"s:216:43:216:Infinity":90,"s:217:12:217:Infinity":91,"s:218:12:218:Infinity":92,"s:220:10:220:Infinity":93,"s:223:25:223:Infinity":94,"s:224:25:224:Infinity":95,"b:225:10:225:Infinity:undefined:undefined:undefined:undefined":31,"s:225:10:225:Infinity":96,"s:225:23:225:Infinity":97,"s:226:23:226:Infinity":98,"b:226:61:226:79:226:79:226:Infinity":32,"s:227:25:227:Infinity":99,"f:227:39:227:47":17,"s:227:53:227:65":100,"f:227:67:227:72":18,"s:227:79:227:128":101,"s:228:10:235:Infinity":102,"b:232:38:232:56:232:56:232:Infinity":33,"s:238:25:238:Infinity":103,"s:239:25:239:Infinity":104,"b:240:10:240:Infinity:undefined:undefined:undefined:undefined":34,"s:240:10:240:Infinity":105,"s:240:23:240:Infinity":106,"b:241:10:248:Infinity:undefined:undefined:undefined:undefined":35,"s:241:10:248:Infinity":107,"b:241:14:241:50:241:50:241:77":36,"b:243:12:246:Infinity:undefined:undefined:undefined:undefined":37,"s:243:12:246:Infinity":108,"b:243:16:243:39:243:39:243:68":38,"s:244:14:244:Infinity":109,"s:245:14:245:Infinity":110,"s:247:12:247:Infinity":111,"b:249:10:249:Infinity:undefined:undefined:undefined:undefined":39,"s:249:10:249:Infinity":112,"s:249:43:249:Infinity":113,"s:250:10:250:Infinity":114,"s:253:25:253:Infinity":115,"s:254:25:254:Infinity":116,"b:255:10:255:Infinity:undefined:undefined:undefined:undefined":40,"s:255:10:255:Infinity":117,"b:255:14:255:25:255:25:255:40":41,"s:255:40:255:Infinity":118,"s:256:16:262:Infinity":119,"f:256:16:256:34":19,"b:257:12:257:Infinity:undefined:undefined:undefined:undefined":42,"s:257:12:257:Infinity":120,"s:257:31:257:Infinity":121,"s:258:12:258:Infinity":122,"s:259:12:261:Infinity":123,"f:259:31:259:48":20,"b:260:14:260:Infinity:undefined:undefined:undefined:undefined":43,"s:260:14:260:Infinity":124,"s:260:34:260:Infinity":125,"s:263:10:263:Infinity":126,"s:264:10:264:Infinity":127,"s:267:10:274:Infinity":128,"s:268:22:268:Infinity":129,"s:269:23:269:Infinity":130,"b:270:12:270:Infinity:undefined:undefined:undefined:undefined":44,"s:270:12:270:Infinity":131,"s:270:30:270:Infinity":132,"s:271:12:271:Infinity":133,"s:273:12:273:Infinity":134,"b:273:78:273:94:273:94:273:107":45,"s:277:10:288:Infinity":135,"s:278:27:278:Infinity":136,"s:279:22:279:Infinity":137,"s:280:28:280:Infinity":138,"b:280:80:280:100:280:100:280:104":46,"s:281:12:281:Infinity":139,"s:282:24:282:Infinity":140,"s:283:12:283:Infinity":141,"s:284:12:284:Infinity":142,"s:285:12:285:Infinity":143,"s:287:12:287:Infinity":144,"b:287:78:287:94:287:94:287:107":47,"s:291:10:301:Infinity":145,"s:292:22:292:Infinity":146,"s:293:28:297:Infinity":147,"f:293:68:293:73":21,"s:293:84:297:14":148,"b:296:46:296:60:296:60:296:Infinity":48,"b:296:77:296:86:296:86:296:Infinity":49,"s:298:12:298:Infinity":149,"s:300:12:300:Infinity":150,"b:300:78:300:94:300:94:300:107":50,"s:304:10:318:Infinity":151,"s:305:22:305:Infinity":152,"b:306:12:306:Infinity:undefined:undefined:undefined:undefined":51,"s:306:12:306:Infinity":153,"s:306:32:306:Infinity":154,"s:307:23:307:Infinity":155,"s:308:12:315:Infinity":156,"b:312:38:312:47:312:47:312:Infinity":52,"b:312:66:312:80:312:80:312:Infinity":53,"s:317:12:317:Infinity":157,"b:317:78:317:94:317:94:317:107":54,"s:321:10:328:Infinity":158,"s:322:27:322:Infinity":159,"s:323:22:323:Infinity":160,"s:324:12:324:Infinity":161,"s:325:12:325:Infinity":162,"s:327:12:327:Infinity":163,"b:327:78:327:94:327:94:327:107":55,"s:331:10:337:Infinity":164,"s:332:22:332:Infinity":165,"s:333:12:333:Infinity":166,"s:334:12:334:Infinity":167,"s:336:12:336:Infinity":168,"b:336:78:336:94:336:94:336:107":56,"s:340:10:346:Infinity":169,"s:341:22:341:Infinity":170,"b:342:12:342:Infinity:undefined:undefined:undefined:undefined":57,"s:342:12:342:Infinity":171,"s:342:32:342:Infinity":172,"s:343:12:343:Infinity":173,"s:345:12:345:Infinity":174,"b:345:78:345:94:345:94:345:107":58,"s:349:10:357:Infinity":175,"s:350:27:350:Infinity":176,"s:351:25:351:Infinity":177,"s:352:23:352:Infinity":178,"s:353:12:353:Infinity":179,"s:354:12:354:Infinity":180,"s:356:12:356:Infinity":181,"b:356:78:356:94:356:94:356:107":59,"s:360:10:360:Infinity":182,"s:364:4:373:Infinity":183,"f:364:10:364:25":22,"s:366:6:372:Infinity":184,"b:367:8:370:Infinity:undefined:undefined:undefined:undefined":60,"s:367:8:370:Infinity":185,"s:368:10:368:Infinity":186,"s:369:10:369:Infinity":187,"f:369:10:369:27":23,"b:369:29:369:78:undefined:undefined:undefined:undefined":61,"s:369:29:369:78":188,"s:369:49:369:78":189,"s:371:8:371:Infinity":190,"s:376:2:387:Infinity":191,"f:378:4:378:17":24,"s:378:17:386:Infinity":192,"f:378:21:378:36":25,"s:379:6:381:Infinity":193,"b:380:8:380:Infinity:undefined:undefined:undefined:undefined":62,"s:380:8:380:Infinity":194,"s:380:30:380:59":195,"s:382:6:382:Infinity":196,"s:384:6:384:Infinity":197,"s:384:40:384:Infinity":198,"s:385:6:385:Infinity":199,"f:385:10:385:22":26,"s:385:22:385:36":200,"f:390:9:390:19":27,"s:391:2:391:Infinity":201,"f:395:22:395:27":28,"b:395:44:395:82":63,"s:396:15:396:Infinity":202,"s:397:2:397:Infinity":203,"s:397:15:397:18":204,"s:397:43:397:Infinity":205,"b:397:81:397:96:397:96:397:98":64,"s:398:17:398:Infinity":206,"b:398:17:398:39:398:39:398:Infinity":65,"s:399:14:399:Infinity":207,"s:400:20:400:Infinity":208,"b:401:2:403:Infinity:undefined:undefined:undefined:undefined":66,"s:401:2:403:Infinity":209,"s:402:4:402:Infinity":210,"s:404:19:404:Infinity":211,"s:405:18:405:Infinity":212,"b:405:25:405:49:405:49:405:55":67,"s:406:18:406:Infinity":213,"s:408:2:408:Infinity":214,"s:409:2:409:Infinity":215,"b:409:63:409:75:409:75:409:90":68,"b:409:122:409:132:409:132:409:139":69,"b:412:0:417:Infinity:undefined:undefined:undefined:undefined":70,"s:412:0:417:Infinity":216,"b:412:4:412:56:412:56:412:89:412:89:412:152":71,"s:413:2:416:Infinity":217,"f:413:14:413:21":29,"s:414:4:414:Infinity":218,"b:414:66:414:82:414:82:414:97":72,"s:415:4:415:Infinity":219},"fnNames":{}}}
,"/Users/hanlinxuy/Specs/dshssh/plugin/src/fs.ts": {"path":"/Users/hanlinxuy/Specs/dshssh/plugin/src/fs.ts","statementMap":{"0":{"start":{"line":38,"column":3},"end":{"line":41,"column":null}},"1":{"start":{"line":43,"column":21},"end":{"line":45,"column":null}},"2":{"start":{"line":48,"column":17},"end":{"line":48,"column":null}},"3":{"start":{"line":49,"column":2},"end":{"line":49,"column":null}},"4":{"start":{"line":49,"column":33},"end":{"line":49,"column":null}},"5":{"start":{"line":50,"column":2},"end":{"line":50,"column":null}},"6":{"start":{"line":54,"column":2},"end":{"line":54,"column":null}},"7":{"start":{"line":62,"column":18},"end":{"line":62,"column":null}},"8":{"start":{"line":65,"column":4},"end":{"line":65,"column":null}},"9":{"start":{"line":69,"column":4},"end":{"line":69,"column":null}},"10":{"start":{"line":73,"column":4},"end":{"line":73,"column":null}},"11":{"start":{"line":78,"column":4},"end":{"line":78,"column":null}},"12":{"start":{"line":79,"column":21},"end":{"line":79,"column":null}},"13":{"start":{"line":80,"column":20},"end":{"line":80,"column":null}},"14":{"start":{"line":81,"column":4},"end":{"line":83,"column":null}},"15":{"start":{"line":82,"column":6},"end":{"line":82,"column":null}},"16":{"start":{"line":84,"column":4},"end":{"line":87,"column":null}},"17":{"start":{"line":92,"column":4},"end":{"line":92,"column":null}},"18":{"start":{"line":93,"column":17},"end":{"line":93,"column":null}},"19":{"start":{"line":93,"column":87},"end":{"line":93,"column":96}},"20":{"start":{"line":94,"column":4},"end":{"line":94,"column":null}},"21":{"start":{"line":94,"column":28},"end":{"line":94,"column":null}},"22":{"start":{"line":95,"column":4},"end":{"line":99,"column":null}},"23":{"start":{"line":104,"column":4},"end":{"line":104,"column":null}},"24":{"start":{"line":105,"column":21},"end":{"line":105,"column":null}},"25":{"start":{"line":106,"column":17},"end":{"line":106,"column":null}},"26":{"start":{"line":106,"column":69},"end":{"line":106,"column":78}},"27":{"start":{"line":107,"column":4},"end":{"line":107,"column":null}},"28":{"start":{"line":107,"column":28},"end":{"line":107,"column":null}},"29":{"start":{"line":108,"column":4},"end":{"line":113,"column":null}},"30":{"start":{"line":118,"column":4},"end":{"line":118,"column":null}},"31":{"start":{"line":119,"column":4},"end":{"line":119,"column":null}},"32":{"start":{"line":124,"column":17},"end":{"line":124,"column":null}},"33":{"start":{"line":125,"column":4},"end":{"line":125,"column":null}},"34":{"start":{"line":125,"column":33},"end":{"line":125,"column":44}},"35":{"start":{"line":130,"column":4},"end":{"line":130,"column":null}},"36":{"start":{"line":131,"column":20},"end":{"line":131,"column":null}},"37":{"start":{"line":132,"column":4},"end":{"line":139,"column":null}},"38":{"start":{"line":132,"column":35},"end":{"line":139,"column":6}},"39":{"start":{"line":150,"column":4},"end":{"line":150,"column":null}},"40":{"start":{"line":151,"column":22},"end":{"line":151,"column":null}},"41":{"start":{"line":152,"column":20},"end":{"line":152,"column":null}},"42":{"start":{"line":152,"column":83},"end":{"line":152,"column":92}},"43":{"start":{"line":153,"column":19},"end":{"line":153,"column":null}},"44":{"start":{"line":153,"column":113},"end":{"line":153,"column":117}},"45":{"start":{"line":154,"column":4},"end":{"line":159,"column":null}},"46":{"start":{"line":155,"column":29},"end":{"line":155,"column":null}},"47":{"start":{"line":156,"column":6},"end":{"line":158,"column":null}},"48":{"start":{"line":157,"column":8},"end":{"line":157,"column":null}},"49":{"start":{"line":160,"column":4},"end":{"line":160,"column":null}},"50":{"start":{"line":161,"column":22},"end":{"line":161,"column":null}},"51":{"start":{"line":161,"column":85},"end":{"line":161,"column":94}},"52":{"start":{"line":162,"column":4},"end":{"line":167,"column":null}},"53":{"start":{"line":178,"column":4},"end":{"line":178,"column":null}},"54":{"start":{"line":179,"column":22},"end":{"line":179,"column":null}},"55":{"start":{"line":180,"column":20},"end":{"line":180,"column":null}},"56":{"start":{"line":181,"column":4},"end":{"line":186,"column":null}},"57":{"start":{"line":182,"column":19},"end":{"line":182,"column":null}},"58":{"start":{"line":182,"column":82},"end":{"line":182,"column":91}},"59":{"start":{"line":183,"column":6},"end":{"line":185,"column":null}},"60":{"start":{"line":184,"column":8},"end":{"line":184,"column":null}},"61":{"start":{"line":187,"column":49},"end":{"line":187,"column":null}},"62":{"start":{"line":188,"column":4},"end":{"line":188,"column":null}},"63":{"start":{"line":188,"column":32},"end":{"line":188,"column":null}},"64":{"start":{"line":189,"column":20},"end":{"line":189,"column":null}},"65":{"start":{"line":190,"column":4},"end":{"line":190,"column":null}},"66":{"start":{"line":190,"column":30},"end":{"line":190,"column":null}},"67":{"start":{"line":191,"column":4},"end":{"line":191,"column":null}},"68":{"start":{"line":191,"column":43},"end":{"line":191,"column":null}},"69":{"start":{"line":192,"column":18},"end":{"line":192,"column":null}},"70":{"start":{"line":193,"column":4},"end":{"line":193,"column":null}},"71":{"start":{"line":194,"column":17},"end":{"line":194,"column":null}},"72":{"start":{"line":194,"column":80},"end":{"line":194,"column":89}},"73":{"start":{"line":195,"column":4},"end":{"line":199,"column":null}},"74":{"start":{"line":204,"column":2},"end":{"line":204,"column":null}}},"fnMap":{"0":{"name":"fsError","decl":{"start":{"line":47,"column":9},"end":{"line":47,"column":17}},"loc":{"start":{"line":47,"column":55},"end":{"line":51,"column":null}},"line":47},"1":{"name":"versionOf","decl":{"start":{"line":53,"column":9},"end":{"line":53,"column":19}},"loc":{"start":{"line":53,"column":70},"end":{"line":55,"column":null}},"line":53},"2":{"name":"constructor","decl":{"start":{"line":64,"column":2},"end":{"line":64,"column":14}},"loc":{"start":{"line":64,"column":28},"end":{"line":66,"column":null}},"line":64},"3":{"name":"transport","decl":{"start":{"line":68,"column":2},"end":{"line":68,"column":10}},"loc":{"start":{"line":68,"column":37},"end":{"line":70,"column":null}},"line":68},"4":{"name":"baseCwd","decl":{"start":{"line":72,"column":2},"end":{"line":72,"column":10}},"loc":{"start":{"line":72,"column":28},"end":{"line":74,"column":null}},"line":72},"5":{"name":"resolve","decl":{"start":{"line":77,"column":8},"end":{"line":77,"column":16}},"loc":{"start":{"line":77,"column":96},"end":{"line":88,"column":null}},"line":77},"6":{"name":"stat","decl":{"start":{"line":91,"column":8},"end":{"line":91,"column":13}},"loc":{"start":{"line":91,"column":82},"end":{"line":100,"column":null}},"line":91},"7":{"name":"(anonymous_7)","decl":{"start":{"line":93,"column":75},"end":{"line":93,"column":87}},"loc":{"start":{"line":93,"column":87},"end":{"line":93,"column":96}},"line":93},"8":{"name":"lstat","decl":{"start":{"line":103,"column":8},"end":{"line":103,"column":14}},"loc":{"start":{"line":103,"column":108},"end":{"line":114,"column":null}},"line":103},"9":{"name":"(anonymous_9)","decl":{"start":{"line":106,"column":57},"end":{"line":106,"column":69}},"loc":{"start":{"line":106,"column":69},"end":{"line":106,"column":78}},"line":106},"10":{"name":"readText","decl":{"start":{"line":117,"column":8},"end":{"line":117,"column":17}},"loc":{"start":{"line":117,"column":74},"end":{"line":120,"column":null}},"line":117},"11":{"name":"streamText","decl":{"start":{"line":123,"column":8},"end":{"line":123,"column":19}},"loc":{"start":{"line":123,"column":91},"end":{"line":126,"column":null}},"line":123},"12":{"name":"(anonymous_12)","decl":{"start":{"line":125,"column":12},"end":{"line":125,"column":31}},"loc":{"start":{"line":125,"column":31},"end":{"line":125,"column":45}},"line":125},"13":{"name":"listDir","decl":{"start":{"line":129,"column":8},"end":{"line":129,"column":16}},"loc":{"start":{"line":129,"column":79},"end":{"line":140,"column":null}},"line":129},"14":{"name":"(anonymous_14)","decl":{"start":{"line":132,"column":19},"end":{"line":132,"column":24}},"loc":{"start":{"line":132,"column":35},"end":{"line":139,"column":6}},"line":132},"15":{"name":"writeText","decl":{"start":{"line":143,"column":8},"end":{"line":143,"column":null}},"loc":{"start":{"line":149,"column":29},"end":{"line":168,"column":null}},"line":149},"16":{"name":"(anonymous_16)","decl":{"start":{"line":152,"column":71},"end":{"line":152,"column":83}},"loc":{"start":{"line":152,"column":83},"end":{"line":152,"column":92}},"line":152},"17":{"name":"(anonymous_17)","decl":{"start":{"line":153,"column":101},"end":{"line":153,"column":113}},"loc":{"start":{"line":153,"column":113},"end":{"line":153,"column":117}},"line":153},"18":{"name":"(anonymous_18)","decl":{"start":{"line":161,"column":73},"end":{"line":161,"column":85}},"loc":{"start":{"line":161,"column":85},"end":{"line":161,"column":94}},"line":161},"19":{"name":"editText","decl":{"start":{"line":171,"column":8},"end":{"line":171,"column":null}},"loc":{"start":{"line":177,"column":28},"end":{"line":200,"column":null}},"line":177},"20":{"name":"(anonymous_20)","decl":{"start":{"line":182,"column":70},"end":{"line":182,"column":82}},"loc":{"start":{"line":182,"column":82},"end":{"line":182,"column":91}},"line":182},"21":{"name":"(anonymous_21)","decl":{"start":{"line":194,"column":68},"end":{"line":194,"column":80}},"loc":{"start":{"line":194,"column":80},"end":{"line":194,"column":89}},"line":194},"22":{"name":"escapeRegExp","decl":{"start":{"line":203,"column":9},"end":{"line":203,"column":22}},"loc":{"start":{"line":203,"column":45},"end":{"line":205,"column":null}},"line":203}},"branchMap":{"0":{"loc":{"start":{"line":38,"column":3},"end":{"line":41,"column":null}},"type":"binary-expr","locations":[{"start":{"line":38,"column":3},"end":{"line":41,"column":20}},{"start":{"line":41,"column":20},"end":{"line":41,"column":null}}],"line":38},"1":{"loc":{"start":{"line":49,"column":2},"end":{"line":49,"column":null}},"type":"if","locations":[{"start":{"line":49,"column":2},"end":{"line":49,"column":null}},{"start":{},"end":{}}],"line":49},"2":{"loc":{"start":{"line":54,"column":20},"end":{"line":54,"column":null}},"type":"binary-expr","locations":[{"start":{"line":54,"column":20},"end":{"line":54,"column":31}},{"start":{"line":54,"column":31},"end":{"line":54,"column":null}}],"line":54},"3":{"loc":{"start":{"line":73,"column":13},"end":{"line":73,"column":null}},"type":"binary-expr","locations":[{"start":{"line":73,"column":13},"end":{"line":73,"column":121}},{"start":{"line":73,"column":121},"end":{"line":73,"column":null}}],"line":73},"4":{"loc":{"start":{"line":79,"column":21},"end":{"line":79,"column":null}},"type":"cond-expr","locations":[{"start":{"line":79,"column":44},"end":{"line":79,"column":51}},{"start":{"line":79,"column":51},"end":{"line":79,"column":null}}],"line":79},"5":{"loc":{"start":{"line":79,"column":56},"end":{"line":79,"column":85}},"type":"binary-expr","locations":[{"start":{"line":79,"column":56},"end":{"line":79,"column":69}},{"start":{"line":79,"column":69},"end":{"line":79,"column":85}}],"line":79},"6":{"loc":{"start":{"line":94,"column":4},"end":{"line":94,"column":null}},"type":"if","locations":[{"start":{"line":94,"column":4},"end":{"line":94,"column":null}},{"start":{},"end":{}}],"line":94},"7":{"loc":{"start":{"line":97,"column":12},"end":{"line":97,"column":null}},"type":"cond-expr","locations":[{"start":{"line":97,"column":31},"end":{"line":97,"column":45}},{"start":{"line":97,"column":45},"end":{"line":97,"column":null}}],"line":97},"8":{"loc":{"start":{"line":97,"column":45},"end":{"line":97,"column":null}},"type":"cond-expr","locations":[{"start":{"line":97,"column":59},"end":{"line":97,"column":68}},{"start":{"line":97,"column":68},"end":{"line":97,"column":null}}],"line":97},"9":{"loc":{"start":{"line":105,"column":21},"end":{"line":105,"column":null}},"type":"cond-expr","locations":[{"start":{"line":105,"column":44},"end":{"line":105,"column":51}},{"start":{"line":105,"column":51},"end":{"line":105,"column":null}}],"line":105},"10":{"loc":{"start":{"line":105,"column":56},"end":{"line":105,"column":85}},"type":"binary-expr","locations":[{"start":{"line":105,"column":56},"end":{"line":105,"column":69}},{"start":{"line":105,"column":69},"end":{"line":105,"column":85}}],"line":105},"11":{"loc":{"start":{"line":107,"column":4},"end":{"line":107,"column":null}},"type":"if","locations":[{"start":{"line":107,"column":4},"end":{"line":107,"column":null}},{"start":{},"end":{}}],"line":107},"12":{"loc":{"start":{"line":110,"column":12},"end":{"line":110,"column":null}},"type":"cond-expr","locations":[{"start":{"line":110,"column":31},"end":{"line":110,"column":45}},{"start":{"line":110,"column":45},"end":{"line":110,"column":null}}],"line":110},"13":{"loc":{"start":{"line":110,"column":45},"end":{"line":110,"column":null}},"type":"cond-expr","locations":[{"start":{"line":110,"column":59},"end":{"line":110,"column":68}},{"start":{"line":110,"column":68},"end":{"line":110,"column":null}}],"line":110},"14":{"loc":{"start":{"line":134,"column":12},"end":{"line":134,"column":null}},"type":"cond-expr","locations":[{"start":{"line":134,"column":32},"end":{"line":134,"column":46}},{"start":{"line":134,"column":46},"end":{"line":134,"column":null}}],"line":134},"15":{"loc":{"start":{"line":153,"column":19},"end":{"line":153,"column":null}},"type":"cond-expr","locations":[{"start":{"line":153,"column":46},"end":{"line":153,"column":121}},{"start":{"line":153,"column":121},"end":{"line":153,"column":null}}],"line":153},"16":{"loc":{"start":{"line":154,"column":4},"end":{"line":159,"column":null}},"type":"if","locations":[{"start":{"line":154,"column":4},"end":{"line":159,"column":null}},{"start":{},"end":{}}],"line":154},"17":{"loc":{"start":{"line":154,"column":8},"end":{"line":154,"column":91}},"type":"binary-expr","locations":[{"start":{"line":154,"column":8},"end":{"line":154,"column":34}},{"start":{"line":154,"column":34},"end":{"line":154,"column":59}},{"start":{"line":154,"column":59},"end":{"line":154,"column":91}}],"line":154},"18":{"loc":{"start":{"line":155,"column":39},"end":{"line":155,"column":59}},"type":"binary-expr","locations":[{"start":{"line":155,"column":39},"end":{"line":155,"column":56}},{"start":{"line":155,"column":56},"end":{"line":155,"column":59}}],"line":155},"19":{"loc":{"start":{"line":156,"column":6},"end":{"line":158,"column":null}},"type":"if","locations":[{"start":{"line":156,"column":6},"end":{"line":158,"column":null}},{"start":{},"end":{}}],"line":156},"20":{"loc":{"start":{"line":163,"column":17},"end":{"line":163,"column":null}},"type":"cond-expr","locations":[{"start":{"line":163,"column":35},"end":{"line":163,"column":46}},{"start":{"line":163,"column":46},"end":{"line":163,"column":null}}],"line":163},"21":{"loc":{"start":{"line":164,"column":25},"end":{"line":164,"column":47}},"type":"binary-expr","locations":[{"start":{"line":164,"column":25},"end":{"line":164,"column":44}},{"start":{"line":164,"column":44},"end":{"line":164,"column":47}}],"line":164},"22":{"loc":{"start":{"line":181,"column":4},"end":{"line":186,"column":null}},"type":"if","locations":[{"start":{"line":181,"column":4},"end":{"line":186,"column":null}},{"start":{},"end":{}}],"line":181},"23":{"loc":{"start":{"line":183,"column":6},"end":{"line":185,"column":null}},"type":"if","locations":[{"start":{"line":183,"column":6},"end":{"line":185,"column":null}},{"start":{},"end":{}}],"line":183},"24":{"loc":{"start":{"line":183,"column":20},"end":{"line":183,"column":37}},"type":"binary-expr","locations":[{"start":{"line":183,"column":20},"end":{"line":183,"column":34}},{"start":{"line":183,"column":34},"end":{"line":183,"column":37}}],"line":183},"25":{"loc":{"start":{"line":188,"column":4},"end":{"line":188,"column":null}},"type":"if","locations":[{"start":{"line":188,"column":4},"end":{"line":188,"column":null}},{"start":{},"end":{}}],"line":188},"26":{"loc":{"start":{"line":190,"column":4},"end":{"line":190,"column":null}},"type":"if","locations":[{"start":{"line":190,"column":4},"end":{"line":190,"column":null}},{"start":{},"end":{}}],"line":190},"27":{"loc":{"start":{"line":191,"column":4},"end":{"line":191,"column":null}},"type":"if","locations":[{"start":{"line":191,"column":4},"end":{"line":191,"column":null}},{"start":{},"end":{}}],"line":191},"28":{"loc":{"start":{"line":191,"column":8},"end":{"line":191,"column":43}},"type":"binary-expr","locations":[{"start":{"line":191,"column":8},"end":{"line":191,"column":30}},{"start":{"line":191,"column":30},"end":{"line":191,"column":43}}],"line":191},"29":{"loc":{"start":{"line":192,"column":18},"end":{"line":192,"column":null}},"type":"cond-expr","locations":[{"start":{"line":192,"column":31},"end":{"line":192,"column":74}},{"start":{"line":192,"column":74},"end":{"line":192,"column":null}}],"line":192},"30":{"loc":{"start":{"line":196,"column":25},"end":{"line":196,"column":42}},"type":"binary-expr","locations":[{"start":{"line":196,"column":25},"end":{"line":196,"column":39}},{"start":{"line":196,"column":39},"end":{"line":196,"column":42}}],"line":196}},"s":{"0":4,"1":4,"2":2,"3":2,"4":2,"5":0,"6":6,"7":4,"8":18,"9":20,"10":0,"11":7,"12":7,"13":7,"14":7,"15":7,"16":7,"17":1,"18":1,"19":0,"20":1,"21":0,"22":1,"23":0,"24":0,"25":0,"26":0,"27":0,"28":0,"29":0,"30":3,"31":3,"32":0,"33":0,"34":0,"35":1,"36":1,"37":1,"38":1,"39":6,"40":6,"41":6,"42":5,"43":6,"44":0,"45":6,"46":1,"47":1,"48":1,"49":5,"50":3,"51":0,"52":3,"53":2,"54":2,"55":2,"56":2,"57":0,"58":0,"59":0,"60":0,"61":2,"62":2,"63":0,"64":2,"65":2,"66":1,"67":1,"68":0,"69":1,"70":2,"71":1,"72":0,"73":1,"74":2},"f":{"0":2,"1":6,"2":18,"3":20,"4":0,"5":7,"6":1,"7":0,"8":0,"9":0,"10":3,"11":0,"12":0,"13":1,"14":1,"15":6,"16":5,"17":0,"18":0,"19":2,"20":0,"21":0,"22":2},"b":{"0":[4,0],"1":[2,0],"2":[6,0],"3":[0,0],"4":[7,0],"5":[0,0],"6":[0,1],"7":[0,1],"8":[1,0],"9":[0,0],"10":[0,0],"11":[0,0],"12":[0,0],"13":[0,0],"14":[0,1],"15":[1,5],"16":[1,5],"17":[6,1,1],"18":[1,0],"19":[1,0],"20":[3,0],"21":[6,0],"22":[0,2],"23":[0,0],"24":[0,0],"25":[0,2],"26":[1,1],"27":[0,1],"28":[1,0],"29":[0,1],"30":[1,0]},"meta":{"lastBranch":31,"lastFunction":23,"lastStatement":75,"seen":{"s:38:3:41:Infinity":0,"b:38:3:41:20:41:20:41:Infinity":0,"s:43:21:45:Infinity":1,"f:47:9:47:17":0,"s:48:17:48:Infinity":2,"b:49:2:49:Infinity:undefined:undefined:undefined:undefined":1,"s:49:2:49:Infinity":3,"s:49:33:49:Infinity":4,"s:50:2:50:Infinity":5,"f:53:9:53:19":1,"s:54:2:54:Infinity":6,"b:54:20:54:31:54:31:54:Infinity":2,"s:62:18:62:Infinity":7,"f:64:2:64:14":2,"s:65:4:65:Infinity":8,"f:68:2:68:10":3,"s:69:4:69:Infinity":9,"f:72:2:72:10":4,"s:73:4:73:Infinity":10,"b:73:13:73:121:73:121:73:Infinity":3,"f:77:8:77:16":5,"s:78:4:78:Infinity":11,"s:79:21:79:Infinity":12,"b:79:44:79:51:79:51:79:Infinity":4,"b:79:56:79:69:79:69:79:85":5,"s:80:20:80:Infinity":13,"s:81:4:83:Infinity":14,"s:82:6:82:Infinity":15,"s:84:4:87:Infinity":16,"f:91:8:91:13":6,"s:92:4:92:Infinity":17,"s:93:17:93:Infinity":18,"f:93:75:93:87":7,"s:93:87:93:96":19,"b:94:4:94:Infinity:undefined:undefined:undefined:undefined":6,"s:94:4:94:Infinity":20,"s:94:28:94:Infinity":21,"s:95:4:99:Infinity":22,"b:97:31:97:45:97:45:97:Infinity":7,"b:97:59:97:68:97:68:97:Infinity":8,"f:103:8:103:14":8,"s:104:4:104:Infinity":23,"s:105:21:105:Infinity":24,"b:105:44:105:51:105:51:105:Infinity":9,"b:105:56:105:69:105:69:105:85":10,"s:106:17:106:Infinity":25,"f:106:57:106:69":9,"s:106:69:106:78":26,"b:107:4:107:Infinity:undefined:undefined:undefined:undefined":11,"s:107:4:107:Infinity":27,"s:107:28:107:Infinity":28,"s:108:4:113:Infinity":29,"b:110:31:110:45:110:45:110:Infinity":12,"b:110:59:110:68:110:68:110:Infinity":13,"f:117:8:117:17":10,"s:118:4:118:Infinity":30,"s:119:4:119:Infinity":31,"f:123:8:123:19":11,"s:124:17:124:Infinity":32,"s:125:4:125:Infinity":33,"f:125:12:125:31":12,"s:125:33:125:44":34,"f:129:8:129:16":13,"s:130:4:130:Infinity":35,"s:131:20:131:Infinity":36,"s:132:4:139:Infinity":37,"f:132:19:132:24":14,"s:132:35:139:6":38,"b:134:32:134:46:134:46:134:Infinity":14,"f:143:8:143:Infinity":15,"s:150:4:150:Infinity":39,"s:151:22:151:Infinity":40,"s:152:20:152:Infinity":41,"f:152:71:152:83":16,"s:152:83:152:92":42,"s:153:19:153:Infinity":43,"b:153:46:153:121:153:121:153:Infinity":15,"f:153:101:153:113":17,"s:153:113:153:117":44,"b:154:4:159:Infinity:undefined:undefined:undefined:undefined":16,"s:154:4:159:Infinity":45,"b:154:8:154:34:154:34:154:59:154:59:154:91":17,"s:155:29:155:Infinity":46,"b:155:39:155:56:155:56:155:59":18,"b:156:6:158:Infinity:undefined:undefined:undefined:undefined":19,"s:156:6:158:Infinity":47,"s:157:8:157:Infinity":48,"s:160:4:160:Infinity":49,"s:161:22:161:Infinity":50,"f:161:73:161:85":18,"s:161:85:161:94":51,"s:162:4:167:Infinity":52,"b:163:35:163:46:163:46:163:Infinity":20,"b:164:25:164:44:164:44:164:47":21,"f:171:8:171:Infinity":19,"s:178:4:178:Infinity":53,"s:179:22:179:Infinity":54,"s:180:20:180:Infinity":55,"b:181:4:186:Infinity:undefined:undefined:undefined:undefined":22,"s:181:4:186:Infinity":56,"s:182:19:182:Infinity":57,"f:182:70:182:82":20,"s:182:82:182:91":58,"b:183:6:185:Infinity:undefined:undefined:undefined:undefined":23,"s:183:6:185:Infinity":59,"b:183:20:183:34:183:34:183:37":24,"s:184:8:184:Infinity":60,"s:187:49:187:Infinity":61,"b:188:4:188:Infinity:undefined:undefined:undefined:undefined":25,"s:188:4:188:Infinity":62,"s:188:32:188:Infinity":63,"s:189:20:189:Infinity":64,"b:190:4:190:Infinity:undefined:undefined:undefined:undefined":26,"s:190:4:190:Infinity":65,"s:190:30:190:Infinity":66,"b:191:4:191:Infinity:undefined:undefined:undefined:undefined":27,"s:191:4:191:Infinity":67,"b:191:8:191:30:191:30:191:43":28,"s:191:43:191:Infinity":68,"s:192:18:192:Infinity":69,"b:192:31:192:74:192:74:192:Infinity":29,"s:193:4:193:Infinity":70,"s:194:17:194:Infinity":71,"f:194:68:194:80":21,"s:194:80:194:89":72,"s:195:4:199:Infinity":73,"b:196:25:196:39:196:39:196:42":30,"f:203:9:203:22":22,"s:204:2:204:Infinity":74},"fnNames":{}}}
,"/Users/hanlinxuy/Specs/dshssh/plugin/src/manager.ts": {"path":"/Users/hanlinxuy/Specs/dshssh/plugin/src/manager.ts","statementMap":{"0":{"start":{"line":24,"column":17},"end":{"line":24,"column":null}},"1":{"start":{"line":27,"column":18},"end":{"line":27,"column":null}},"2":{"start":{"line":29,"column":31},"end":{"line":29,"column":45}},"3":{"start":{"line":29,"column":62},"end":{"line":29,"column":83}},"4":{"start":{"line":32,"column":4},"end":{"line":32,"column":null}},"5":{"start":{"line":36,"column":4},"end":{"line":36,"column":null}},"6":{"start":{"line":40,"column":4},"end":{"line":40,"column":null}},"7":{"start":{"line":41,"column":4},"end":{"line":41,"column":null}},"8":{"start":{"line":41,"column":37},"end":{"line":41,"column":null}},"9":{"start":{"line":46,"column":32},"end":{"line":55,"column":null}},"10":{"start":{"line":56,"column":4},"end":{"line":56,"column":null}},"11":{"start":{"line":57,"column":4},"end":{"line":57,"column":null}},"12":{"start":{"line":62,"column":4},"end":{"line":64,"column":null}},"13":{"start":{"line":63,"column":6},"end":{"line":63,"column":null}},"14":{"start":{"line":63,"column":65},"end":{"line":63,"column":null}},"15":{"start":{"line":65,"column":4},"end":{"line":65,"column":null}},"16":{"start":{"line":70,"column":4},"end":{"line":73,"column":null}},"17":{"start":{"line":71,"column":21},"end":{"line":71,"column":null}},"18":{"start":{"line":72,"column":6},"end":{"line":72,"column":null}},"19":{"start":{"line":72,"column":66},"end":{"line":72,"column":null}},"20":{"start":{"line":74,"column":4},"end":{"line":74,"column":null}},"21":{"start":{"line":79,"column":21},"end":{"line":79,"column":null}},"22":{"start":{"line":80,"column":4},"end":{"line":80,"column":null}},"23":{"start":{"line":80,"column":32},"end":{"line":80,"column":null}},"24":{"start":{"line":81,"column":32},"end":{"line":90,"column":null}},"25":{"start":{"line":91,"column":4},"end":{"line":91,"column":null}},"26":{"start":{"line":92,"column":4},"end":{"line":92,"column":null}},"27":{"start":{"line":97,"column":21},"end":{"line":97,"column":null}},"28":{"start":{"line":98,"column":19},"end":{"line":103,"column":null}},"29":{"start":{"line":104,"column":4},"end":{"line":104,"column":null}},"30":{"start":{"line":104,"column":68},"end":{"line":104,"column":null}},"31":{"start":{"line":105,"column":32},"end":{"line":114,"column":null}},"32":{"start":{"line":115,"column":4},"end":{"line":115,"column":null}},"33":{"start":{"line":116,"column":4},"end":{"line":116,"column":null}},"34":{"start":{"line":117,"column":4},"end":{"line":126,"column":null}},"35":{"start":{"line":118,"column":24},"end":{"line":118,"column":null}},"36":{"start":{"line":119,"column":6},"end":{"line":119,"column":null}},"37":{"start":{"line":120,"column":6},"end":{"line":120,"column":null}},"38":{"start":{"line":121,"column":6},"end":{"line":121,"column":null}},"39":{"start":{"line":123,"column":6},"end":{"line":123,"column":null}},"40":{"start":{"line":124,"column":6},"end":{"line":124,"column":null}},"41":{"start":{"line":125,"column":6},"end":{"line":125,"column":null}},"42":{"start":{"line":127,"column":4},"end":{"line":127,"column":null}},"43":{"start":{"line":132,"column":19},"end":{"line":132,"column":null}},"44":{"start":{"line":133,"column":4},"end":{"line":133,"column":null}},"45":{"start":{"line":133,"column":30},"end":{"line":133,"column":null}},"46":{"start":{"line":134,"column":4},"end":{"line":134,"column":null}},"47":{"start":{"line":135,"column":4},"end":{"line":135,"column":null}},"48":{"start":{"line":136,"column":4},"end":{"line":136,"column":null}},"49":{"start":{"line":137,"column":4},"end":{"line":137,"column":null}},"50":{"start":{"line":142,"column":19},"end":{"line":142,"column":null}},"51":{"start":{"line":143,"column":4},"end":{"line":143,"column":null}},"52":{"start":{"line":143,"column":35},"end":{"line":143,"column":null}},"53":{"start":{"line":144,"column":19},"end":{"line":144,"column":null}},"54":{"start":{"line":145,"column":17},"end":{"line":145,"column":null}},"55":{"start":{"line":145,"column":39},"end":{"line":145,"column":45}},"56":{"start":{"line":146,"column":4},"end":{"line":146,"column":null}},"57":{"start":{"line":147,"column":4},"end":{"line":147,"column":null}},"58":{"start":{"line":152,"column":19},"end":{"line":152,"column":null}},"59":{"start":{"line":153,"column":19},"end":{"line":153,"column":null}},"60":{"start":{"line":154,"column":4},"end":{"line":154,"column":null}},"61":{"start":{"line":154,"column":31},"end":{"line":154,"column":null}},"62":{"start":{"line":155,"column":4},"end":{"line":155,"column":null}},"63":{"start":{"line":156,"column":4},"end":{"line":171,"column":null}},"64":{"start":{"line":157,"column":20},"end":{"line":157,"column":null}},"65":{"start":{"line":158,"column":12},"end":{"line":163,"column":null
[...]
:null}}],"line":93},"8":{"loc":{"start":{"line":108,"column":35},"end":{"line":108,"column":102}},"type":"if","locations":[{"start":{"line":108,"column":35},"end":{"line":108,"column":102}},{"start":{},"end":{}}],"line":108},"9":{"loc":{"start":{"line":125,"column":16},"end":{"line":125,"column":50}},"type":"default-arg","locations":[{"start":{"line":125,"column":28},"end":{"line":125,"column":50}}],"line":125},"10":{"loc":{"start":{"line":127,"column":4},"end":{"line":127,"column":null}},"type":"if","locations":[{"start":{"line":127,"column":4},"end":{"line":127,"column":null}},{"start":{},"end":{}}],"line":127},"11":{"loc":{"start":{"line":142,"column":4},"end":{"line":152,"column":null}},"type":"if","locations":[{"start":{"line":142,"column":4},"end":{"line":152,"column":null}},{"start":{},"end":{}}],"line":142},"12":{"loc":{"start":{"line":142,"column":8},"end":{"line":142,"column":56}},"type":"binary-expr","locations":[{"start":{"line":142,"column":8},"end":{"line":142,"column":34}},{"start":{"line":142,"column":34},"end":{"line":142,"column":56}}],"line":142},"13":{"loc":{"start":{"line":145,"column":6},"end":{"line":150,"column":null}},"type":"if","locations":[{"start":{"line":145,"column":6},"end":{"line":150,"column":null}},{"start":{"line":148,"column":13},"end":{"line":150,"column":null}}],"line":145},"14":{"loc":{"start":{"line":153,"column":4},"end":{"line":155,"column":null}},"type":"if","locations":[{"start":{"line":153,"column":4},"end":{"line":155,"column":null}},{"start":{},"end":{}}],"line":153},"15":{"loc":{"start":{"line":154,"column":32},"end":{"line":154,"column":79}},"type":"binary-expr","locations":[{"start":{"line":154,"column":32},"end":{"line":154,"column":49}},{"start":{"line":154,"column":49},"end":{"line":154,"column":79}}],"line":154},"16":{"loc":{"start":{"line":172,"column":4},"end":{"line":172,"column":null}},"type":"if","locations":[{"start":{"line":172,"column":4},"end":{"line":172,"column":null}},{"start":{},"end":{}}],"line":172},"17":{"loc":{"start":{"line":178,"column":26},"end":{"line":178,"column":59}},"type":"binary-expr","locations":[{"start":{"line":178,"column":26},"end":{"line":178,"column":55}},{"start":{"line":178,"column":55},"end":{"line":178,"column":59}}],"line":178},"18":{"loc":{"start":{"line":206,"column":64},"end":{"line":206,"column":84}},"type":"default-arg","locations":[{"start":{"line":206,"column":75},"end":{"line":206,"column":84}}],"line":206},"19":{"loc":{"start":{"line":206,"column":84},"end":{"line":206,"column":null}},"type":"default-arg","locations":[{"start":{"line":206,"column":93},"end":{"line":206,"column":null}}],"line":206},"20":{"loc":{"start":{"line":235,"column":17},"end":{"line":235,"column":null}},"type":"binary-expr","locations":[{"start":{"line":235,"column":17},"end":{"line":235,"column":82}},{"start":{"line":235,"column":82},"end":{"line":235,"column":null}}],"line":235},"21":{"loc":{"start":{"line":236,"column":21},"end":{"line":236,"column":30}},"type":"binary-expr","locations":[{"start":{"line":236,"column":21},"end":{"line":236,"column":28}},{"start":{"line":236,"column":28},"end":{"line":236,"column":30}}],"line":236},"22":{"loc":{"start":{"line":242,"column":17},"end":{"line":242,"column":null}},"type":"binary-expr","locations":[{"start":{"line":242,"column":17},"end":{"line":242,"column":82}},{"start":{"line":242,"column":82},"end":{"line":242,"column":null}}],"line":242},"23":{"loc":{"start":{"line":243,"column":23},"end":{"line":243,"column":34}},"type":"binary-expr","locations":[{"start":{"line":243,"column":23},"end":{"line":243,"column":30}},{"start":{"line":243,"column":30},"end":{"line":243,"column":34}}],"line":243},"24":{"loc":{"start":{"line":254,"column":21},"end":{"line":254,"column":null}},"type":"binary-expr","locations":[{"start":{"line":254,"column":21},"end":{"line":254,"column":124}},{"start":{"line":254,"column":124},"end":{"line":254,"column":null}}],"line":254},"25":{"loc":{"start":{"line":257,"column":14},"end":{"line":257,"column":null}},"type":"binary-expr","locations":[{"start":{"line":257,"column":14},"end":{"line":257,"column":28}},{"start":{"line":257,"column":28},"end":{"line":257,"column":null}}],"line":257},"26":{"loc":{"start":{"line":258,"column":21},"end":{"line":258,"column":null}},"type":"binary-expr","locations":[{"start":{"line":258,"column":21},"end":{"line":258,"column":42}},{"start":{"line":258,"column":42},"end":{"line":258,"column":null}}],"line":258},"27":{"loc":{"start":{"line":276,"column":4},"end":{"line":279,"column":null}},"type":"if","locations":[{"start":{"line":276,"column":4},"end":{"line":279,"column":null}},{"start":{"line":277,"column":9},"end":{"line":279,"column":null}}],"line":276},"28":{"loc":{"start":{"line":277,"column":9},"end":{"line":279,"column":null}},"type":"if","locations":[{"start":{"line":277,"column":9},"end":{"line":279,"column":null}},{"start":{"line":278,"column":9},"end":{"line":279,"column":null}}],"line":277},"29":{"loc":{"start":{"line":278,"column":9},"end":{"line":279,"column":null}},"type":"if","locations":[{"start":{"line":278,"column":9},"end":{"line":279,"column":null}},{"start":{"line":279,"column":9},"end":{"line":279,"column":null}}],"line":278},"30":{"loc":{"start":{"line":279,"column":9},"end":{"line":279,"column":null}},"type":"if","locations":[{"start":{"line":279,"column":9},"end":{"line":279,"column":null}},{"start":{},"end":{}}],"line":279},"31":{"loc":{"start":{"line":279,"column":60},"end":{"line":279,"column":null}},"type":"binary-expr","locations":[{"start":{"line":279,"column":60},"end":{"line":279,"column":91}},{"start":{"line":279,"column":91},"end":{"line":279,"column":null}}],"line":279},"32":{"loc":{"start":{"line":281,"column":14},"end":{"line":281,"column":null}},"type":"binary-expr","locations":[{"start":{"line":281,"column":14},"end":{"line":281,"column":29}},{"start":{"line":281,"column":29},"end":{"line":281,"column":null}}],"line":281},"33":{"loc":{"start":{"line":282,"column":19},"end":{"line":282,"column":null}},"type":"binary-expr","locations":[{"start":{"line":282,"column":19},"end":{"line":282,"column":39}},{"start":{"line":282,"column":39},"end":{"line":282,"column":null}}],"line":282},"34":{"loc":{"start":{"line":283,"column":12},"end":{"line":283,"column":null}},"type":"binary-expr","locations":[{"start":{"line":283,"column":12},"end":{"line":283,"column":25}},{"start":{"line":283,"column":25},"end":{"line":283,"column":null}}],"line":283},"35":{"loc":{"start":{"line":291,"column":17},"end":{"line":291,"column":null}},"type":"binary-expr","locations":[{"start":{"line":291,"column":17},"end":{"line":291,"column":54}},{"start":{"line":291,"column":54},"end":{"line":291,"column":null}}],"line":291},"36":{"loc":{"start":{"line":292,"column":4},"end":{"line":292,"column":null}},"type":"if","locations":[{"start":{"line":292,"column":4},"end":{"line":292,"column":null}},{"start":{},"end":{}}],"line":292},"37":{"loc":{"start":{"line":297,"column":34},"end":{"line":297,"column":68}},"type":"default-arg","locations":[{"start":{"line":297,"column":46},"end":{"line":297,"column":68}}],"line":297},"38":{"loc":{"start":{"line":312,"column":86},"end":{"line":312,"column":null}},"type":"default-arg","locations":[{"start":{"line":312,"column":98},"end":{"line":312,"column":null}}],"line":312},"39":{"loc":{"start":{"line":320,"column":6},"end":{"line":323,"column":null}},"type":"if","locations":[{"start":{"line":320,"column":6},"end":{"line":323,"column":null}},{"start":{},"end":{}}],"line":320},"40":{"loc":{"start":{"line":320,"column":10},"end":{"line":320,"column":84}},"type":"binary-expr","locations":[{"start":{"line":320,"column":10},"end":{"line":320,"column":47}},{"start":{"line":320,"column":47},"end":{"line":320,"column":84}}],"line":320},"41":{"loc":{"start":{"line":321,"column":36},"end":{"line":321,"column":89}},"type":"cond-expr","locations":[{"start":{"line":321,"column":72},"end":{"line":321,"column":88}},{"start":{"line":321,"column":88},"end":{"line":321,"column":89}}],"line":321},"42":{"loc":{"start":{"line":322,"column":31},"end":{"line":322,"column":91}},"type":"binary-expr","locations":[{"start":{"line":322,"column":31},"end":{"line":322,"column":81}},{"start":{"line":322,"column":81},"end":{"line":322,"column":91}}],"line":322},"43":{"loc":{"start":{"line":325,"column":60},"end":{"line":325,"column":115}},"type":"if","locations":[{"start":{"line":325,"column":60},"end":{"line":325,"column":115}},{"start":{},"end":{}}],"line":325},"44":{"loc":{"start":{"line":329,"column":11},"end":{"line":329,"column":53}},"type":"binary-expr","locations":[{"start":{"line":329,"column":11},"end":{"line":329,"column":30}},{"start":{"line":329,"column":30},"end":{"line":329,"column":53}}],"line":329},"45":{"loc":{"start":{"line":332,"column":4},"end":{"line":332,"column":null}},"type":"if","locations":[{"start":{"line":332,"column":4},"end":{"line":332,"column":null}},{"start":{},"end":{}}],"line":332},"46":{"loc":{"start":{"line":332,"column":37},"end":{"line":332,"column":null}},"type":"binary-expr","locations":[{"start":{"line":332,"column":37},"end":{"line":332,"column":82}},{"start":{"line":332,"column":82},"end":{"line":332,"column":null}}],"line":332},"47":{"loc":{"start":{"line":333,"column":4},"end":{"line":333,"column":null}},"type":"if","locations":[{"start":{"line":333,"column":4},"end":{"line":333,"column":null}},{"start":{},"end":{}}],"line":333},"48":{"loc":{"start":{"line":336,"column":26},"end":{"line":336,"column":46}},"type":"binary-expr","locations":[{"start":{"line":336,"column":26},"end":{"line":336,"column":42}},{"start":{"line":336,"column":42},"end":{"line":336,"column":46}}],"line":336},"49":{"loc":{"start":{"line":337,"column":8},"end":{"line":337,"column":null}},"type":"if","locations":[{"start":{"line":337,"column":8},"end":{"line":337,"column":null}},{"start":{},"end":{}}],"line":337},"50":{"loc":{"start":{"line":337,"column":62},"end":{"line":337,"column":118}},"type":"binary-expr","locations":[{"start":{"line":337,"column":62},"end":{"line":337,"column":108}},{"start":{"line":337,"column":108},"end":{"line":337,"column":118}}],"line":337},"51":{"loc":{"start":{"line":347,"column":4},"end":{"line":350,"column":null}},"type":"if","locations":[{"start":{"line":347,"column":4},"end":{"line":350,"column":null}},{"start":{},"end":{}}],"line":347}},"s":{"0":6,"1":6,"2":0,"3":0,"4":0,"5":0,"6":0,"7":0,"8":0,"9":0,"10":0,"11":0,"12":0,"13":0,"14":0,"15":0,"16":0,"17":0,"18":22,"19":22,"20":22,"21":22,"22":22,"23":22,"24":22,"25":22,"26":0,"27":0,"28":0,"29":0,"30":0,"31":0,"32":0,"33":0,"34":0,"35":0,"36":0,"37":0,"38":0,"39":0,"40":0,"41":0,"42":0,"43":0,"44":0,"45":0,"46":0,"47":22,"48":22,"49":0,"50":22,"51":22,"52":22,"53":22,"54":0,"55":22,"56":22,"57":22,"58":22,"59":8,"60":8,"61":22,"62":3169,"63":22,"64":22,"65":3169,"66":3169,"67":93,"68":93,"69":93,"70":15,"71":15,"72":78,"73":93,"74":3076,"75":3076,"76":93,"77":93,"78":93,"79":93,"80":22,"81":16,"82":16,"83":16,"84":16,"85":16,"86":16,"87":32,"88":3076,"89":3067,"90":3067,"91":8,"92":8,"93":9,"94":0,"95":1,"96":6,"97":5,"98":6,"99":0,"100":0,"101":0,"102":6,"103":1,"104":1,"105":1,"106":1,"107":1,"108":11,"109":6,"110":6,"111":6,"112":0,"113":0,"114":0,"115":0,"116":0,"117":0,"118":6,"119":7,"120":1,"121":7,"122":0,"123":1,"124":0,"125":0,"126":0,"127":1,"128":1,"129":1,"130":1,"131":1,"132":1,"133":1,"134":1,"135":1,"136":1,"137":1,"138":1,"139":1,"140":1,"141":1,"142":1,"143":1,"144":1,"145":1,"146":1,"147":1,"148":1,"149":0,"150":1,"151":1,"152":1,"153":0,"154":0,"155":1,"156":16,"157":16,"158":16,"159":16,"160":0,"161":0,"162":0},"f":{"0":6,"1":6,"2":0,"3":0,"4":0,"5":0,"6":0,"7":22,"8":4,"9":0,"10":0,"11":22,"12":22,"13":0,"14":22,"15":8,"16":3169,"17":3169,"18":93,"19":93,"20":22,"21":16,"22":32,"23":3076,"24":8,"25":8,"26":9,"27":0,"28":1,"29":6,"30":0,"31":6,"32":1,"33":1,"34":1,"35":11,"36":7,"37":0,"38":0,"39":0,"40":1,"41":1,"42":1,"43":1,"44":0,"45":16},"b":{"0":[0,0],"1":[0,0],"2":[22],"3":[0,22],"4":[22,22],"5":[0,22],"6":[0],"7":[0],"8":[0,0],"9":[22],"10":[0,22],"11":[93,3076],"12":[3169,93],"13":[15,78],"14":[3076,0],"15":[3076,0],"16":[16,0],"17":[3076,9],"18":[9],"19":[9],"20":[5,0],"21":[6,0],"22":[0,0],"23":[0,0],"24":[1,0],"25":[1,0],"26":[1,0],"27":[6,0],"28":[0,0],"29":[0,0],"30":[0,0],"31":[0,0],"32":[6,0],"33":[11,0],"34":[11,0],"35":[1,0],"36":[0,7],"37":[0],"38":[1],"39":[1,0],"40":[1,1],"41":[1,0],"42":[1,0],"43":[1,0],"44":[1,1],"45":[1,0],"46":[1,0],"47":[0,1],"48":[1,0],"49":[0,0],"50":[0,0],"51":[0,16]},"meta":{"lastBranch":52,"lastFunction":46,"lastStatement":163,"seen":{"f:43:9:43:19":0,"s:44:2:44:Infinity":0,"f:47:9:47:19":1,"s:48:2:48:Infinity":1,"f:52:15:52:27":2,"s:53:19:53:Infinity":2,"s:54:2:63:Infinity":3,"s:55:15:59:Infinity":4,"f:55:25:55:43":3,"s:56:21:56:Infinity":5,"s:57:6:57:Infinity":6,"f:57:18:57:35":4,"s:57:37:57:55":7,"s:57:55:57:69":8,"s:58:6:58:Infinity":9,"f:58:18:58:33":5,"s:58:35:58:53":10,"s:58:53:58:68":11,"b:60:4:60:Infinity:undefined:undefined:undefined:undefined":0,"s:60:4:60:Infinity":12,"s:60:12:60:Infinity":13,"b:61:4:61:Infinity:undefined:undefined:undefined:undefined":1,"s:61:4:61:Infinity":14,"s:61:31:61:Infinity":15,"s:62:4:62:Infinity":16,"f:62:14:62:23":6,"s:62:29:62:47":17,"s:75:39:75:Infinity":18,"s:76:15:76:Infinity":19,"s:77:20:77:Infinity":20,"s:78:23:78:Infinity":21,"s:79:22:79:Infinity":22,"s:80:40:80:Infinity":23,"f:82:2:82:14":7,"b:82:33:82:41":2,"s:83:4:83:Infinity":24,"b:83:59:83:65:83:65:83:Infinity":3,"b:83:15:83:38:83:38:83:59":4,"b:83:94:83:100:83:100:83:104":5,"s:84:4:84:Infinity":25,"f:88:15:88:Infinity":8,"b:92:16:92:Infinity":6,"b:93:10:93:Infinity":7,"s:96:18:100:Infinity":26,"s:101:22:101:Infinity":27,"s:102:4:102:Infinity":28,"s:104:10:104:Infinity":29,"f:104:10:104:29":9,"s:104:31:104:75":30,"s:104:37:104:50":31,"s:105:4:105:Infinity":32,"s:106:4:106:Infinity":33,"s:107:4:107:Infinity":34,"s:108:4:108:Infinity":35,"f:108:15:108:24":10,"b:108:35:108:102:undefined:undefined:undefined:undefined":8,"s:108:35:108:102":36,"s:108:62:108:102":37,"s:109:4:114:Infinity":38,"s:110:6:110:Infinity":39,"s:112:6:112:Infinity":40,"s:113:6:113:Infinity":41,"s:115:4:120:Infinity":42,"s:116:6:116:Infinity":43,"s:118:6:118:Infinity":44,"s:119:6:119:Infinity":45,"s:121:4:121:Infinity":46,"f:125:8:125:16":11,"b:125:28:125:50":9,"s:126:15:126:Infinity":47,"b:127:4:127:Infinity:undefined:undefined:undefined:undefined":10,"s:127:4:127:Infinity":48,"s:127:26:127:Infinity":49,"s:128:15:128:Infinity":50,"s:129:4:129:Infinity":51,"s:130:4:134:Infinity":52,"f:130:14:130:29":12,"s:131:20:131:Infinity":53,"f:131:20:131:37":13,"s:131:37:131:101":54,"s:132:6:132:Infinity":55,"f:132:9:132:24":14,"s:132:26:132:47":56,"s:132:47:132:57":57,"s:133:6:133:Infinity":58,"f:133:9:133:25":15,"s:133:27:133:48":59,"s:133:48:133:111":60,"s:135:4:135:Infinity":61,"f:135:7:135:20":16,"s:135:27:135:Infinity":62,"s:136:4:136:Infinity":63,"s:137:4:137:Infinity":64,"f:140:2:140:10":17,"s:141:15:141:Infinity":65,"b:142:4:152:Infinity:undefined:undefined:undefined:undefined":11,"s:142:4:152:Infinity":66,"b:142:8:142:34:142:34:142:56":12,"s:143:34:143:Infinity":67,"s:144:6:144:Infinity":68,"b:145:6:150:Infinity:148:13:150:Infinity":13,"s:145:6:150:Infinity":69,"s:146:20:146:Infinity":70,"s:147:8:147:Infinity":71,"s:149:8:149:Infinity":72,"s:151:6:151:Infinity":73,"b:153:4:155:Infinity:undefined:undefined:undefined:undefined":14,"s:153:4:155:Infinity":74,"s:154:6:154:Infinity":75,"b:154:32:154:49:154:49:154:79":15,"f:158:2:158:6":18,"s:159:15:159:Infinity":76,"s:160:4:163:Infinity":77,"f:160:15:160:24":19,"s:161:6:161:Infinity":78,"s:162:6:162:Infinity":79,"f:166:2:166:9":20,"s:167:4:167:Infinity":80,"f:170:2:170:5":21,"s:171:14:171:Infinity":81,"b:172:4:172:Infinity:undefined:undefined:undefined:undefined":16,"s:172:4:172:Infinity":82,"s:172:29:172:46":83,"s:172:46:172:77":84,"s:173:4:173:Infinity":85,"s:174:4:174:Infinity":86,"f:174:4:174:17":22,"s:174:17:174:Infinity":87,"f:177:2:177:10":23,"s:178:4:180:Infinity":88,"b:178:26:178:55:178:55:178:59":17,"s:179:6:179:Infinity":89,"s:179:12:179:28":90,"f:183:2:183:25":24,"s:184:4:184:Infinity":91,"f:188:8:188:Infinity":25,"s:194:4:202:Infinity":92,"f:206:8:206:20":26,"b:206:75:206:84":18,"b:206:93:206:Infinity":19,"s:212:4:214:Infinity":93,"f:223:8:223:19":27,"s:224:4:224:Infinity":94,"f:228:8:228:25":28,"s:229:4:229:Infinity":95,"f:233:8:233:19":29,"s:234:19:234:Infinity":96,"s:235:17:235:Infinity":97,"b:235:17:235:82:235:82:235:Infinity":20,"s:236:4:236:Infinity":98,"b:236:21:236:28:236:28:236:30":21,"f:240:8:240:20":30,"s:241:19:241:Infinity":99,"s:242:17:242:Infinity":100,"b:242:17:242:82:242:82:242:Infinity":22,"s:243:4:243:Infinity":101,"b:243:23:243:30:243:30:243:34":23,"f:247:8:247:20":31,"s:248:4:248:Infinity":102,"f:252:8:252:18":32,"s:253:19:253:Infinity":103,"s:254:21:254:Infinity":104,"b:254:21:254:124:254:124:254:Infinity":24,"s:255:4:260:Infinity":105,"f:256:7:256:12":33,"s:256:23:259:8":106,"b:257:14:257:28:257:28:257:Infinity":25,"b:258:21:258:42:258:42:258:Infinity":26,"f:260:7:260:15":34,"s:260:25:260:46":107,"f:264:8:264:15":35,"s:265:19:265:Infinity":108,"s:266:17:266:Infinity":109,"b:276:4:279:Infinity:277:9:279:Infinity":27,"s:276:4:279:Infinity":110,"s:276:42:276:Infinity":111,"b:277:9:279:Infinity:278:9:279:Infinity":28,"s:277:9:279:Infinity":112,"s:277:45:277:Infinity":113,"b:278:9:279:Infinity:279:9:279:Infinity":29,"s:278:9:279:Infinity":114,"s:278:50:278:Infinity":115,"b:279:9:279:Infinity:undefined:undefined:undefined:undefined":30,"s:279:9:279:Infinity":116,"s:279:50:279:Infinity":117,"b:279:60:279:91:279:91:279:Infinity":31,"s:280:4:285:Infinity":118,"b:281:14:281:29:281:29:281:Infinity":32,"b:282:19:282:39:282:39:282:Infinity":33,"b:283:12:283:25:283:25:283:Infinity":34,"f:289:8:289:23":36,"s:290:19:290:Infinity":119,"s:291:17:291:Infinity":120,"b:291:17:291:54:291:54:291:Infinity":35,"b:292:4:292:Infinity:undefined:undefined:undefined:undefined":36,"s:292:4:292:Infinity":121,"s:292:33:292:Infinity":122,"s:293:4:293:Infinity":123,"f:297:8:297:17":37,"b:297:46:297:68":37,"s:298:4:298:Infinity":124,"f:302:8:302:16":38,"s:303:4:303:Infinity":125,"f:307:8:307:15":39,"s:308:4:308:Infinity":126,"f:312:8:312:19":40,"b:312:98:312:Infinity":38,"s:316:22:316:Infinity":127,"s:317:38:317:Infinity":128,"s:318:18:318:Infinity":129,"s:319:22:324:Infinity":130,"f:319:30:319:49":41,"b:320:6:323:Infinity:undefined:undefined:undefined:undefined":39,"s:320:6:323:Infinity":131,"b:320:10:320:47:320:47:320:84":40,"s:321:8:321:Infinity":132,"b:321:72:321:88:321:88:321:89":41,"s:322:8:322:Infinity":133,"b:322:31:322:81:322:81:322:91":42,"s:325:20:325:Infinity":134,"f:325:28:325:47":42,"b:325:60:325:115:undefined:undefined:undefined:undefined":43,"s:325:60:325:115":135,"s:325:99:325:115":136,"s:326:49:326:Infinity":137,"s:327:4:327:Infinity":138,"s:328:21:328:Infinity":139,"s:329:4:329:Infinity":140,"b:329:11:329:30:329:30:329:53":44,"s:329:53:329:Infinity":141,"f:329:63:329:72":43,"s:329:78:329:95":142,"s:330:4:330:17":143,"s:330:17:330:Infinity":144,"s:331:34:331:Infinity":145,"b:332:4:332:Infinity:undefined:undefined:undefined:undefined":45,"s:332:4:332:Infinity":146,"s:332:25:332:Infinity":147,"b:332:37:332:82:332:82:332:Infinity":46,"b:333:4:333:Infinity:undefined:undefined:undefined:undefined":47,"s:333:4:333:Infinity":148,"s:333:27:333:82":149,"f:333:66:333:78":44,"s:334:4:339:Infinity":150,"s:335:20:335:Infinity":151,"s:336:6:338:Infinity":152,"b:336:26:336:42:336:42:336:46":48,"b:337:8:337:Infinity:undefined:undefined:undefined:undefined":49,"s:337:8:337:Infinity":153,"s:337:39:337:Infinity":154,"b:337:62:337:108:337:108:337:118":50,"s:340:4:340:Infinity":155,"f:344:2:344:16":45,"s:345:4:345:Infinity":156,"s:345:10:345:27":157,"s:346:4:346:Infinity":158,"b:347:4:350:Infinity:undefined:undefined:undefined:undefined":51,"s:347:4:350:Infinity":159,"s:348:6:348:Infinity":160,"s:348:12:348:31":161,"s:349:6:349:Infinity":162},"fnNames":{}}}
}
